{"/home/travis/build/npmtest/node-npmtest-angular-moment/test.js":{"path":"/home/travis/build/npmtest/node-npmtest-angular-moment/test.js","s":{"1":2,"2":2,"3":2,"4":2,"5":2,"6":2,"7":2,"8":1,"9":2,"10":2,"11":1,"12":1,"13":1,"14":1,"15":2,"16":2,"17":2,"18":2,"19":1,"20":1,"21":2,"22":2,"23":2,"24":1,"25":1,"26":1,"27":1,"28":1,"29":1,"30":1,"31":1,"32":1,"33":1,"34":1,"35":1,"36":1,"37":1,"38":1,"39":2,"40":2,"41":1,"42":2,"43":2,"44":1,"45":2,"46":2,"47":1,"48":2,"49":2,"50":1,"51":1,"52":1,"53":1,"54":1},"b":{"1":[2,1,1,1],"2":[1,1,1,1],"3":[1,1],"4":[1,1],"5":[1,1],"6":[1,1],"7":[1,1],"8":[1,1],"9":[1,1],"10":[1,1,1],"11":[1,1],"12":[1,1],"13":[1,1],"14":[1,1],"15":[1,1],"16":[1,1],"17":[1,1]},"f":{"1":2,"2":2,"3":2,"4":2,"5":2,"6":1,"7":1,"8":1,"9":2,"10":2,"11":2,"12":2,"13":1},"fnMap":{"1":{"name":"(anonymous_1)","line":12,"loc":{"start":{"line":12,"column":1},"end":{"line":12,"column":13}}},"2":{"name":"(anonymous_2)","line":19,"loc":{"start":{"line":19,"column":5},"end":{"line":19,"column":17}}},"3":{"name":"(anonymous_3)","line":23,"loc":{"start":{"line":23,"column":24},"end":{"line":23,"column":36}}},"4":{"name":"(anonymous_4)","line":61,"loc":{"start":{"line":61,"column":5},"end":{"line":61,"column":17}}},"5":{"name":"(anonymous_5)","line":82,"loc":{"start":{"line":82,"column":5},"end":{"line":82,"column":17}}},"6":{"name":"(anonymous_6)","line":91,"loc":{"start":{"line":91,"column":77},"end":{"line":94,"column":10}}},"7":{"name":"(anonymous_7)","line":112,"loc":{"start":{"line":112,"column":83},"end":{"line":115,"column":10}},"skip":true},"8":{"name":"(anonymous_8)","line":123,"loc":{"start":{"line":123,"column":77},"end":{"line":126,"column":10}},"skip":true},"9":{"name":"(anonymous_9)","line":139,"loc":{"start":{"line":139,"column":12},"end":{"line":139,"column":40}},"skip":true},"10":{"name":"(anonymous_10)","line":147,"loc":{"start":{"line":147,"column":77},"end":{"line":150,"column":10}},"skip":true},"11":{"name":"(anonymous_11)","line":158,"loc":{"start":{"line":158,"column":83},"end":{"line":161,"column":10}},"skip":true},"12":{"name":"(anonymous_12)","line":169,"loc":{"start":{"line":169,"column":79},"end":{"line":172,"column":10}},"skip":true},"13":{"name":"(anonymous_13)","line":180,"loc":{"start":{"line":180,"column":75},"end":{"line":183,"column":10}},"skip":true}},"statementMap":{"1":{"start":{"line":12,"column":0},"end":{"line":195,"column":5}},"2":{"start":{"line":14,"column":4},"end":{"line":14,"column":14}},"3":{"start":{"line":19,"column":4},"end":{"line":56,"column":9}},"4":{"start":{"line":21,"column":8},"end":{"line":21,"column":19}},"5":{"start":{"line":23,"column":8},"end":{"line":35,"column":13}},"6":{"start":{"line":24,"column":12},"end":{"line":34,"column":13}},"7":{"start":{"line":25,"column":16},"end":{"line":28,"column":30}},"8":{"start":{"line":30,"column":16},"end":{"line":33,"column":27}},"9":{"start":{"line":37,"column":8},"end":{"line":39,"column":21}},"10":{"start":{"line":40,"column":8},"end":{"line":53,"column":9}},"11":{"start":{"line":43,"column":12},"end":{"line":46,"column":14}},"12":{"start":{"line":47,"column":12},"end":{"line":47,"column":18}},"13":{"start":{"line":50,"column":12},"end":{"line":51,"column":33}},"14":{"start":{"line":52,"column":12},"end":{"line":52,"column":18}},"15":{"start":{"line":55,"column":8},"end":{"line":55,"column":35}},"16":{"start":{"line":61,"column":4},"end":{"line":63,"column":9}},"17":{"start":{"line":62,"column":8},"end":{"line":62,"column":15}},"18":{"start":{"line":64,"column":4},"end":{"line":77,"column":5}},"19":{"start":{"line":70,"column":8},"end":{"line":70,"column":14}},"20":{"start":{"line":76,"column":8},"end":{"line":76,"column":14}},"21":{"start":{"line":82,"column":4},"end":{"line":84,"column":9}},"22":{"start":{"line":83,"column":8},"end":{"line":83,"column":15}},"23":{"start":{"line":85,"column":4},"end":{"line":194,"column":5}},"24":{"start":{"line":91,"column":8},"end":{"line":99,"column":10}},"25":{"start":{"line":98,"column":12},"end":{"line":98,"column":35}},"26":{"start":{"line":102,"column":8},"end":{"line":104,"column":63}},"27":{"start":{"line":105,"column":8},"end":{"line":105,"column":14}},"28":{"start":{"line":112,"column":8},"end":{"line":121,"column":10},"skip":true},"29":{"start":{"line":119,"column":12},"end":{"line":119,"column":55},"skip":true},"30":{"start":{"line":120,"column":12},"end":{"line":120,"column":48},"skip":true},"31":{"start":{"line":123,"column":8},"end":{"line":136,"column":10},"skip":true},"32":{"start":{"line":130,"column":12},"end":{"line":130,"column":76},"skip":true},"33":{"start":{"line":131,"column":12},"end":{"line":131,"column":73},"skip":true},"34":{"start":{"line":132,"column":12},"end":{"line":132,"column":74},"skip":true},"35":{"start":{"line":133,"column":12},"end":{"line":133,"column":79},"skip":true},"36":{"start":{"line":134,"column":12},"end":{"line":134,"column":25},"skip":true},"37":{"start":{"line":135,"column":12},"end":{"line":135,"column":45},"skip":true},"38":{"start":{"line":138,"column":8},"end":{"line":145,"column":14},"skip":true},"39":{"start":{"line":143,"column":16},"end":{"line":143,"column":29},"skip":true},"40":{"start":{"line":144,"column":16},"end":{"line":144,"column":55},"skip":true},"41":{"start":{"line":147,"column":8},"end":{"line":156,"column":10},"skip":true},"42":{"start":{"line":154,"column":12},"end":{"line":154,"column":25},"skip":true},"43":{"start":{"line":155,"column":12},"end":{"line":155,"column":45},"skip":true},"44":{"start":{"line":158,"column":8},"end":{"line":167,"column":10},"skip":true},"45":{"start":{"line":165,"column":12},"end":{"line":165,"column":25},"skip":true},"46":{"start":{"line":166,"column":12},"end":{"line":166,"column":48},"skip":true},"47":{"start":{"line":169,"column":8},"end":{"line":178,"column":10},"skip":true},"48":{"start":{"line":176,"column":12},"end":{"line":176,"column":25},"skip":true},"49":{"start":{"line":177,"column":12},"end":{"line":177,"column":46},"skip":true},"50":{"start":{"line":180,"column":8},"end":{"line":189,"column":10},"skip":true},"51":{"start":{"line":187,"column":12},"end":{"line":187,"column":94},"skip":true},"52":{"start":{"line":188,"column":12},"end":{"line":188,"column":48},"skip":true},"53":{"start":{"line":192,"column":8},"end":{"line":192,"column":35},"skip":true},"54":{"start":{"line":193,"column":8},"end":{"line":193,"column":14},"skip":true}},"branchMap":{"1":{"line":25,"type":"binary-expr","locations":[{"start":{"line":25,"column":23},"end":{"line":25,"column":62}},{"start":{"line":26,"column":20},"end":{"line":26,"column":70}},{"start":{"line":27,"column":20},"end":{"line":27,"column":71}},{"start":{"line":28,"column":20},"end":{"line":28,"column":29}}]},"2":{"line":30,"type":"binary-expr","locations":[{"start":{"line":30,"column":23},"end":{"line":30,"column":37}},{"start":{"line":31,"column":20},"end":{"line":31,"column":61}},{"start":{"line":32,"column":20},"end":{"line":32,"column":70}},{"start":{"line":33,"column":20},"end":{"line":33,"column":26}}]},"3":{"line":37,"type":"cond-expr","locations":[{"start":{"line":38,"column":14},"end":{"line":38,"column":20}},{"start":{"line":39,"column":14},"end":{"line":39,"column":20}}]},"4":{"line":40,"type":"switch","locations":[{"start":{"line":42,"column":8},"end":{"line":47,"column":18}},{"start":{"line":49,"column":8},"end":{"line":52,"column":18}}]},"5":{"line":44,"type":"binary-expr","locations":[{"start":{"line":44,"column":16},"end":{"line":44,"column":44}},{"start":{"line":44,"column":48},"end":{"line":44,"column":66}}]},"6":{"line":50,"type":"binary-expr","locations":[{"start":{"line":50,"column":21},"end":{"line":50,"column":49}},{"start":{"line":50,"column":53},"end":{"line":50,"column":72}}]},"7":{"line":64,"type":"switch","locations":[{"start":{"line":69,"column":4},"end":{"line":70,"column":14}},{"start":{"line":75,"column":4},"end":{"line":76,"column":14}}]},"8":{"line":85,"type":"switch","locations":[{"start":{"line":90,"column":4},"end":{"line":105,"column":14}},{"start":{"line":111,"column":4},"end":{"line":193,"column":14},"skip":true}]},"9":{"line":91,"type":"binary-expr","locations":[{"start":{"line":91,"column":42},"end":{"line":91,"column":73}},{"start":{"line":91,"column":77},"end":{"line":99,"column":9}}]},"10":{"line":102,"type":"binary-expr","locations":[{"start":{"line":102,"column":18},"end":{"line":102,"column":32}},{"start":{"line":103,"column":12},"end":{"line":103,"column":53}},{"start":{"line":104,"column":12},"end":{"line":104,"column":61}}]},"11":{"line":112,"type":"binary-expr","locations":[{"start":{"line":112,"column":45},"end":{"line":112,"column":79},"skip":true},{"start":{"line":112,"column":83},"end":{"line":121,"column":9},"skip":true}]},"12":{"line":123,"type":"binary-expr","locations":[{"start":{"line":123,"column":42},"end":{"line":123,"column":73},"skip":true},{"start":{"line":123,"column":77},"end":{"line":136,"column":9},"skip":true}]},"13":{"line":138,"type":"binary-expr","locations":[{"start":{"line":138,"column":48},"end":{"line":138,"column":85},"skip":true},{"start":{"line":139,"column":12},"end":{"line":145,"column":13},"skip":true}]},"14":{"line":147,"type":"binary-expr","locations":[{"start":{"line":147,"column":42},"end":{"line":147,"column":73},"skip":true},{"start":{"line":147,"column":77},"end":{"line":156,"column":9},"skip":true}]},"15":{"line":158,"type":"binary-expr","locations":[{"start":{"line":158,"column":45},"end":{"line":158,"column":79},"skip":true},{"start":{"line":158,"column":83},"end":{"line":167,"column":9},"skip":true}]},"16":{"line":169,"type":"binary-expr","locations":[{"start":{"line":169,"column":43},"end":{"line":169,"column":75},"skip":true},{"start":{"line":169,"column":79},"end":{"line":178,"column":9},"skip":true}]},"17":{"line":180,"type":"binary-expr","locations":[{"start":{"line":180,"column":41},"end":{"line":180,"column":71},"skip":true},{"start":{"line":180,"column":75},"end":{"line":189,"column":9},"skip":true}]}},"code":["/* istanbul instrument in package npmtest_angular_moment */","/*jslint","    bitwise: true,","    browser: true,","    maxerr: 8,","    maxlen: 96,","    node: true,","    nomen: true,","    regexp: true,","    stupid: true","*/","(function () {","    'use strict';","    var local;","","","","    // run shared js-env code - init-before","    (function () {","        // init local","        local = {};","        // init modeJs","        local.modeJs = (function () {","            try {","                return typeof navigator.userAgent === 'string' &&","                    typeof document.querySelector('body') === 'object' &&","                    typeof XMLHttpRequest.prototype.open === 'function' &&","                    'browser';","            } catch (errorCaughtBrowser) {","                return module.exports &&","                    typeof process.versions.node === 'string' &&","                    typeof require('http').createServer === 'function' &&","                    'node';","            }","        }());","        // init global","        local.global = local.modeJs === 'browser'","            ? window","            : global;","        switch (local.modeJs) {","        // re-init local from window.local","        case 'browser':","            local = local.global.utility2.objectSetDefault(","                local.global.utility2_rollup || local.global.local,","                local.global.utility2","            );","            break;","        // re-init local from example.js","        case 'node':","            local = (local.global.utility2_rollup || require('utility2'))","                .requireReadme();","            break;","        }","        // export local","        local.global.local = local;","    }());","","","","    // run shared js-env code - function","    (function () {","        return;","    }());","    switch (local.modeJs) {","","","","    // run browser js-env code - function","    case 'browser':","        break;","","","","    // run node js-env code - function","    case 'node':","        break;","    }","","","","    // run shared js-env code - init-after","    (function () {","        return;","    }());","    switch (local.modeJs) {","","","","    // run browser js-env code - init-after","    case 'browser':","        local.testCase_browser_nullCase = local.testCase_browser_nullCase || function (","            options,","            onError","        ) {","        /*","         * this function will test browsers's null-case handling-behavior-behavior","         */","            onError(null, options);","        };","","        // run tests","        local.nop(local.modeTest &&","            document.querySelector('#testRunButton1') &&","            document.querySelector('#testRunButton1').click());","        break;","","","","    // run node js-env code - init-after","    /* istanbul ignore next */","    case 'node':","        local.testCase_buildApidoc_default = local.testCase_buildApidoc_default || function (","            options,","            onError","        ) {","        /*","         * this function will test buildApidoc's default handling-behavior-behavior","         */","            options = { modulePathList: module.paths };","            local.buildApidoc(options, onError);","        };","","        local.testCase_buildApp_default = local.testCase_buildApp_default || function (","            options,","            onError","        ) {","        /*","         * this function will test buildApp's default handling-behavior-behavior","         */","            local.testCase_buildReadme_default(options, local.onErrorThrow);","            local.testCase_buildLib_default(options, local.onErrorThrow);","            local.testCase_buildTest_default(options, local.onErrorThrow);","            local.testCase_buildCustomOrg_default(options, local.onErrorThrow);","            options = [];","            local.buildApp(options, onError);","        };","","        local.testCase_buildCustomOrg_default = local.testCase_buildCustomOrg_default ||","            function (options, onError) {","            /*","             * this function will test buildCustomOrg's default handling-behavior","             */","                options = {};","                local.buildCustomOrg(options, onError);","            };","","        local.testCase_buildLib_default = local.testCase_buildLib_default || function (","            options,","            onError","        ) {","        /*","         * this function will test buildLib's default handling-behavior","         */","            options = {};","            local.buildLib(options, onError);","        };","","        local.testCase_buildReadme_default = local.testCase_buildReadme_default || function (","            options,","            onError","        ) {","        /*","         * this function will test buildReadme's default handling-behavior-behavior","         */","            options = {};","            local.buildReadme(options, onError);","        };","","        local.testCase_buildTest_default = local.testCase_buildTest_default || function (","            options,","            onError","        ) {","        /*","         * this function will test buildTest's default handling-behavior","         */","            options = {};","            local.buildTest(options, onError);","        };","","        local.testCase_webpage_default = local.testCase_webpage_default || function (","            options,","            onError","        ) {","        /*","         * this function will test webpage's default handling-behavior","         */","            options = { modeCoverageMerge: true, url: local.serverLocalHost + '?modeTest=1' };","            local.browserTest(options, onError);","        };","","        // run test-server","        local.testRunServer(local);","        break;","    }","}());",""],"l":{"12":2,"14":2,"19":2,"21":2,"23":2,"24":2,"25":2,"30":1,"37":2,"40":2,"43":1,"47":1,"50":1,"52":1,"55":2,"61":2,"62":2,"64":2,"70":1,"76":1,"82":2,"83":2,"85":2,"91":1,"98":1,"102":1,"105":1,"112":1,"119":1,"120":1,"123":1,"130":1,"131":1,"132":1,"133":1,"134":1,"135":1,"138":1,"143":2,"144":2,"147":1,"154":2,"155":2,"158":1,"165":2,"166":2,"169":1,"176":2,"177":2,"180":1,"187":1,"188":1,"192":1,"193":1}},"/home/travis/build/npmtest/node-npmtest-angular-moment/lib.npmtest_angular_moment.js":{"path":"/home/travis/build/npmtest/node-npmtest-angular-moment/lib.npmtest_angular_moment.js","s":{"1":2,"2":2,"3":2,"4":2,"5":2,"6":2,"7":2,"8":1,"9":2,"10":2,"11":2,"12":2,"13":1,"14":1,"15":1,"16":1},"b":{"1":[2,1,1,1],"2":[1,1,1,1],"3":[1,1],"4":[2,2],"5":[1,1]},"f":{"1":2,"2":2,"3":2},"fnMap":{"1":{"name":"(anonymous_1)","line":12,"loc":{"start":{"line":12,"column":1},"end":{"line":12,"column":13}}},"2":{"name":"(anonymous_2)","line":19,"loc":{"start":{"line":19,"column":5},"end":{"line":19,"column":17}}},"3":{"name":"(anonymous_3)","line":23,"loc":{"start":{"line":23,"column":24},"end":{"line":23,"column":36}}}},"statementMap":{"1":{"start":{"line":12,"column":0},"end":{"line":53,"column":5}},"2":{"start":{"line":14,"column":4},"end":{"line":14,"column":14}},"3":{"start":{"line":19,"column":4},"end":{"line":52,"column":9}},"4":{"start":{"line":21,"column":8},"end":{"line":21,"column":19}},"5":{"start":{"line":23,"column":8},"end":{"line":35,"column":13}},"6":{"start":{"line":24,"column":12},"end":{"line":34,"column":13}},"7":{"start":{"line":25,"column":16},"end":{"line":28,"column":30}},"8":{"start":{"line":30,"column":16},"end":{"line":33,"column":27}},"9":{"start":{"line":37,"column":8},"end":{"line":39,"column":21}},"10":{"start":{"line":41,"column":8},"end":{"line":41,"column":54}},"11":{"start":{"line":43,"column":8},"end":{"line":43,"column":59}},"12":{"start":{"line":45,"column":8},"end":{"line":51,"column":9}},"13":{"start":{"line":46,"column":12},"end":{"line":46,"column":65}},"14":{"start":{"line":48,"column":12},"end":{"line":48,"column":35}},"15":{"start":{"line":49,"column":12},"end":{"line":49,"column":49}},"16":{"start":{"line":50,"column":12},"end":{"line":50,"column":43}}},"branchMap":{"1":{"line":25,"type":"binary-expr","locations":[{"start":{"line":25,"column":23},"end":{"line":25,"column":62}},{"start":{"line":26,"column":20},"end":{"line":26,"column":70}},{"start":{"line":27,"column":20},"end":{"line":27,"column":71}},{"start":{"line":28,"column":20},"end":{"line":28,"column":29}}]},"2":{"line":30,"type":"binary-expr","locations":[{"start":{"line":30,"column":23},"end":{"line":30,"column":37}},{"start":{"line":31,"column":20},"end":{"line":31,"column":61}},{"start":{"line":32,"column":20},"end":{"line":32,"column":70}},{"start":{"line":33,"column":20},"end":{"line":33,"column":26}}]},"3":{"line":37,"type":"cond-expr","locations":[{"start":{"line":38,"column":14},"end":{"line":38,"column":20}},{"start":{"line":39,"column":14},"end":{"line":39,"column":20}}]},"4":{"line":41,"type":"binary-expr","locations":[{"start":{"line":41,"column":16},"end":{"line":41,"column":44}},{"start":{"line":41,"column":48},"end":{"line":41,"column":53}}]},"5":{"line":45,"type":"if","locations":[{"start":{"line":45,"column":8},"end":{"line":45,"column":8}},{"start":{"line":45,"column":8},"end":{"line":45,"column":8}}]}},"code":["/* istanbul instrument in package npmtest_angular_moment */","/*jslint","    bitwise: true,","    browser: true,","    maxerr: 8,","    maxlen: 96,","    node: true,","    nomen: true,","    regexp: true,","    stupid: true","*/","(function () {","    'use strict';","    var local;","","","","    // run shared js-env code - init-before","    (function () {","        // init local","        local = {};","        // init modeJs","        local.modeJs = (function () {","            try {","                return typeof navigator.userAgent === 'string' &&","                    typeof document.querySelector('body') === 'object' &&","                    typeof XMLHttpRequest.prototype.open === 'function' &&","                    'browser';","            } catch (errorCaughtBrowser) {","                return module.exports &&","                    typeof process.versions.node === 'string' &&","                    typeof require('http').createServer === 'function' &&","                    'node';","            }","        }());","        // init global","        local.global = local.modeJs === 'browser'","            ? window","            : global;","        // init utility2_rollup","        local = local.global.utility2_rollup || local;","        // init lib","        local.local = local.npmtest_angular_moment = local;","        // init exports","        if (local.modeJs === 'browser') {","            local.global.utility2_npmtest_angular_moment = local;","        } else {","            module.exports = local;","            module.exports.__dirname = __dirname;","            module.exports.module = module;","        }","    }());","}());",""],"l":{"12":2,"14":2,"19":2,"21":2,"23":2,"24":2,"25":2,"30":1,"37":2,"41":2,"43":2,"45":2,"46":1,"48":1,"49":1,"50":1}},"/home/travis/build/npmtest/node-npmtest-angular-moment/example.js":{"path":"/home/travis/build/npmtest/node-npmtest-angular-moment/example.js","s":{"1":2,"2":2,"3":2,"4":2,"5":2,"6":2,"7":2,"8":1,"9":2,"10":2,"11":2,"12":2,"13":1,"14":2,"15":2,"16":2,"17":2,"18":2,"19":0,"20":2,"21":1,"22":1,"23":1,"24":1,"25":1,"26":0,"27":0,"28":1,"29":1,"30":2,"31":0,"32":0,"33":0,"34":1,"35":2,"36":2,"37":3,"38":3,"39":3,"40":3,"41":0,"42":3,"43":3,"44":3,"45":1,"46":3,"47":1,"48":1,"49":1,"50":1,"51":1,"52":1,"53":1,"54":1,"55":1,"56":1,"57":0,"58":1,"59":6,"60":6,"61":1,"62":2,"63":0,"64":2,"65":1,"66":1,"67":0,"68":0,"69":0,"70":0,"71":0,"72":0,"73":0,"74":0,"75":0,"76":0,"77":0,"78":0,"79":0,"80":0,"81":0,"82":0,"83":0},"b":{"1":[2,1,1,1],"2":[1,1,1,1],"3":[1,1],"4":[2,2],"5":[1,1],"6":[1,1],"7":[2,0],"8":[2,1,1,1,1,1],"9":[0,2,0],"10":[1,1],"11":[2,1,1],"12":[1,0],"13":[0,2],"14":[2,0,0,0,0,0,0],"15":[0,3],"16":[3,0],"17":[1,1],"18":[0,1],"19":[1,2,0,2],"20":[1,0],"21":[1,1],"22":[0,0],"23":[0,0],"24":[0,0],"25":[0,0],"26":[0,0],"27":[0,0],"28":[0,0]},"f":{"1":2,"2":2,"3":2,"4":2,"5":2,"6":2,"7":3,"8":3,"9":3,"10":1,"11":6,"12":0},"fnMap":{"1":{"name":"(anonymous_1)","line":26,"loc":{"start":{"line":26,"column":1},"end":{"line":26,"column":13}}},"2":{"name":"(anonymous_2)","line":33,"loc":{"start":{"line":33,"column":5},"end":{"line":33,"column":17}}},"3":{"name":"(anonymous_3)","line":37,"loc":{"start":{"line":37,"column":24},"end":{"line":37,"column":36}}},"4":{"name":"(anonymous_4)","line":69,"loc":{"start":{"line":69,"column":31},"end":{"line":69,"column":48}},"skip":true},"5":{"name":"(anonymous_5)","line":78,"loc":{"start":{"line":78,"column":26},"end":{"line":78,"column":45}},"skip":true},"6":{"name":"(anonymous_6)","line":123,"loc":{"start":{"line":123,"column":33},"end":{"line":123,"column":48}},"skip":true},"7":{"name":"(anonymous_7)","line":125,"loc":{"start":{"line":125,"column":27},"end":{"line":125,"column":39}},"skip":true},"8":{"name":"(anonymous_8)","line":133,"loc":{"start":{"line":133,"column":59},"end":{"line":133,"column":74}},"skip":true},"9":{"name":"(anonymous_9)","line":143,"loc":{"start":{"line":143,"column":45},"end":{"line":143,"column":62}},"skip":true},"10":{"name":"(anonymous_10)","line":144,"loc":{"start":{"line":144,"column":73},"end":{"line":144,"column":92}},"skip":true},"11":{"name":"(anonymous_11)","line":272,"loc":{"start":{"line":272,"column":51},"end":{"line":272,"column":77}},"skip":true},"12":{"name":"(anonymous_12)","line":315,"loc":{"start":{"line":315,"column":32},"end":{"line":315,"column":61}},"skip":true}},"statementMap":{"1":{"start":{"line":26,"column":0},"end":{"line":326,"column":5}},"2":{"start":{"line":28,"column":4},"end":{"line":28,"column":14}},"3":{"start":{"line":33,"column":4},"end":{"line":60,"column":9}},"4":{"start":{"line":35,"column":8},"end":{"line":35,"column":19}},"5":{"start":{"line":37,"column":8},"end":{"line":49,"column":13}},"6":{"start":{"line":38,"column":12},"end":{"line":48,"column":13}},"7":{"start":{"line":39,"column":16},"end":{"line":42,"column":30}},"8":{"start":{"line":44,"column":16},"end":{"line":47,"column":27}},"9":{"start":{"line":51,"column":8},"end":{"line":53,"column":21}},"10":{"start":{"line":55,"column":8},"end":{"line":57,"column":45}},"11":{"start":{"line":59,"column":8},"end":{"line":59,"column":35}},"12":{"start":{"line":61,"column":4},"end":{"line":325,"column":5}},"13":{"start":{"line":69,"column":8},"end":{"line":121,"column":10},"skip":true},"14":{"start":{"line":70,"column":12},"end":{"line":88,"column":13},"skip":true},"15":{"start":{"line":76,"column":16},"end":{"line":87,"column":19},"skip":true},"16":{"start":{"line":79,"column":20},"end":{"line":86,"column":21},"skip":true},"17":{"start":{"line":82,"column":24},"end":{"line":82,"column":43},"skip":true},"18":{"start":{"line":83,"column":24},"end":{"line":83,"column":30},"skip":true},"19":{"start":{"line":85,"column":24},"end":{"line":85,"column":49},"skip":true},"20":{"start":{"line":89,"column":12},"end":{"line":107,"column":13},"skip":true},"21":{"start":{"line":92,"column":16},"end":{"line":102,"column":17},"skip":true},"22":{"start":{"line":93,"column":20},"end":{"line":93,"column":86},"skip":true},"23":{"start":{"line":94,"column":20},"end":{"line":95,"column":45},"skip":true},"24":{"start":{"line":96,"column":20},"end":{"line":96,"column":42},"skip":true},"25":{"start":{"line":97,"column":20},"end":{"line":97,"column":48},"skip":true},"26":{"start":{"line":100,"column":20},"end":{"line":100,"column":85},"skip":true},"27":{"start":{"line":101,"column":20},"end":{"line":101,"column":96},"skip":true},"28":{"start":{"line":103,"column":16},"end":{"line":103,"column":22},"skip":true},"29":{"start":{"line":106,"column":16},"end":{"line":106,"column":22},"skip":true},"30":{"start":{"line":108,"column":12},"end":{"line":120,"column":13},"skip":true},"31":{"start":{"line":114,"column":16},"end":{"line":119,"column":17},"skip":true},"32":{"start":{"line":116,"column":20},"end":{"line":116,"column":78},"skip":true},"33":{"start":{"line":118,"column":20},"end":{"line":118,"column":47},"skip":true},"34":{"start":{"line":123,"column":8},"end":{"line":141,"column":11},"skip":true},"35":{"start":{"line":124,"column":12},"end":{"line":124,"column":54},"skip":true},"36":{"start":{"line":125,"column":12},"end":{"line":140,"column":14},"skip":true},"37":{"start":{"line":126,"column":16},"end":{"line":126,"column":28},"skip":true},"38":{"start":{"line":127,"column":16},"end":{"line":127,"column":69},"skip":true},"39":{"start":{"line":128,"column":16},"end":{"line":128,"column":75},"skip":true},"40":{"start":{"line":129,"column":16},"end":{"line":131,"column":17},"skip":true},"41":{"start":{"line":130,"column":20},"end":{"line":130,"column":27},"skip":true},"42":{"start":{"line":133,"column":16},"end":{"line":137,"column":36},"skip":true},"43":{"start":{"line":134,"column":20},"end":{"line":136,"column":55},"skip":true},"44":{"start":{"line":139,"column":16},"end":{"line":139,"column":57},"skip":true},"45":{"start":{"line":143,"column":8},"end":{"line":147,"column":11},"skip":true},"46":{"start":{"line":144,"column":12},"end":{"line":146,"column":15},"skip":true},"47":{"start":{"line":145,"column":16},"end":{"line":145,"column":70},"skip":true},"48":{"start":{"line":149,"column":8},"end":{"line":149,"column":31},"skip":true},"49":{"start":{"line":150,"column":8},"end":{"line":150,"column":14},"skip":true},"50":{"start":{"line":158,"column":8},"end":{"line":158,"column":31},"skip":true},"51":{"start":{"line":160,"column":8},"end":{"line":160,"column":33},"skip":true},"52":{"start":{"line":161,"column":8},"end":{"line":161,"column":37},"skip":true},"53":{"start":{"line":162,"column":8},"end":{"line":162,"column":35},"skip":true},"54":{"start":{"line":164,"column":8},"end":{"line":164,"column":50},"skip":true},"55":{"start":{"line":166,"column":8},"end":{"line":256,"column":2},"skip":true},"56":{"start":{"line":258,"column":8},"end":{"line":286,"column":9},"skip":true},"57":{"start":{"line":259,"column":12},"end":{"line":269,"column":14},"skip":true},"58":{"start":{"line":271,"column":12},"end":{"line":285,"column":19},"skip":true},"59":{"start":{"line":274,"column":20},"end":{"line":274,"column":35},"skip":true},"60":{"start":{"line":275,"column":20},"end":{"line":284,"column":21},"skip":true},"61":{"start":{"line":277,"column":24},"end":{"line":277,"column":64},"skip":true},"62":{"start":{"line":279,"column":24},"end":{"line":279,"column":40},"skip":true},"63":{"start":{"line":281,"column":24},"end":{"line":281,"column":40},"skip":true},"64":{"start":{"line":283,"column":24},"end":{"line":283,"column":39},"skip":true},"65":{"start":{"line":288,"column":8},"end":{"line":290,"column":9},"skip":true},"66":{"start":{"line":289,"column":12},"end":{"line":289,"column":18},"skip":true},"67":{"start":{"line":291,"column":8},"end":{"line":293,"column":54},"skip":true},"68":{"start":{"line":296,"column":8},"end":{"line":301,"column":37},"skip":true},"69":{"start":{"line":303,"column":8},"end":{"line":303,"column":82},"skip":true},"70":{"start":{"line":306,"column":8},"end":{"line":308,"column":9},"skip":true},"71":{"start":{"line":307,"column":12},"end":{"line":307,"column":82},"skip":true},"72":{"start":{"line":310,"column":8},"end":{"line":312,"column":9},"skip":true},"73":{"start":{"line":311,"column":12},"end":{"line":311,"column":18},"skip":true},"74":{"start":{"line":313,"column":8},"end":{"line":313,"column":54},"skip":true},"75":{"start":{"line":314,"column":8},"end":{"line":314,"column":69},"skip":true},"76":{"start":{"line":315,"column":8},"end":{"line":323,"column":36},"skip":true},"77":{"start":{"line":316,"column":12},"end":{"line":316,"column":61},"skip":true},"78":{"start":{"line":317,"column":12},"end":{"line":320,"column":13},"skip":true},"79":{"start":{"line":318,"column":16},"end":{"line":318,"column":75},"skip":true},"80":{"start":{"line":319,"column":16},"end":{"line":319,"column":23},"skip":true},"81":{"start":{"line":321,"column":12},"end":{"line":321,"column":38},"skip":true},"82":{"start":{"line":322,"column":12},"end":{"line":322,"column":27},"skip":true},"83":{"start":{"line":324,"column":8},"end":{"line":324,"column":14},"skip":true}},"branchMap":{"1":{"line":39,"type":"binary-expr","locations":[{"start":{"line":39,"column":23},"end":{"line":39,"column":62}},{"start":{"line":40,"column":20},"end":{"line":40,"column":70}},{"start":{"line":41,"column":20},"end":{"line":41,"column":71}},{"start":{"line":42,"column":20},"end":{"line":42,"column":29}}]},"2":{"line":44,"type":"binary-expr","locations":[{"start":{"line":44,"column":23},"end":{"line":44,"column":37}},{"start":{"line":45,"column":20},"end":{"line":45,"column":61}},{"start":{"line":46,"column":20},"end":{"line":46,"column":70}},{"start":{"line":47,"column":20},"end":{"line":47,"column":26}}]},"3":{"line":51,"type":"cond-expr","locations":[{"start":{"line":52,"column":14},"end":{"line":52,"column":20}},{"start":{"line":53,"column":14},"end":{"line":53,"column":20}}]},"4":{"line":55,"type":"binary-expr","locations":[{"start":{"line":55,"column":16},"end":{"line":55,"column":44}},{"start":{"line":55,"column":49},"end":{"line":57,"column":43}}]},"5":{"line":55,"type":"cond-expr","locations":[{"start":{"line":56,"column":14},"end":{"line":56,"column":58}},{"start":{"line":57,"column":14},"end":{"line":57,"column":43}}]},"6":{"line":61,"type":"switch","locations":[{"start":{"line":68,"column":4},"end":{"line":150,"column":14},"skip":true},{"start":{"line":156,"column":4},"end":{"line":324,"column":14},"skip":true}]},"7":{"line":70,"type":"if","locations":[{"start":{"line":70,"column":12},"end":{"line":70,"column":12},"skip":true},{"start":{"line":70,"column":12},"end":{"line":70,"column":12},"skip":true}]},"8":{"line":70,"type":"binary-expr","locations":[{"start":{"line":70,"column":16},"end":{"line":70,"column":22},"skip":true},{"start":{"line":70,"column":27},"end":{"line":70,"column":32},"skip":true},{"start":{"line":71,"column":20},"end":{"line":71,"column":39},"skip":true},{"start":{"line":72,"column":20},"end":{"line":72,"column":49},"skip":true},{"start":{"line":73,"column":20},"end":{"line":73,"column":58},"skip":true},{"start":{"line":74,"column":20},"end":{"line":74,"column":69},"skip":true}]},"9":{"line":79,"type":"switch","locations":[{"start":{"line":80,"column":20},"end":{"line":80,"column":33},"skip":true},{"start":{"line":81,"column":20},"end":{"line":83,"column":30},"skip":true},{"start":{"line":84,"column":20},"end":{"line":85,"column":49},"skip":true}]},"10":{"line":89,"type":"switch","locations":[{"start":{"line":90,"column":12},"end":{"line":103,"column":22},"skip":true},{"start":{"line":105,"column":12},"end":{"line":106,"column":22},"skip":true}]},"11":{"line":89,"type":"binary-expr","locations":[{"start":{"line":89,"column":20},"end":{"line":89,"column":25},"skip":true},{"start":{"line":89,"column":29},"end":{"line":89,"column":48},"skip":true},{"start":{"line":89,"column":52},"end":{"line":89,"column":74},"skip":true}]},"12":{"line":92,"type":"if","locations":[{"start":{"line":92,"column":16},"end":{"line":92,"column":16},"skip":true},{"start":{"line":92,"column":16},"end":{"line":92,"column":16},"skip":true}]},"13":{"line":108,"type":"if","locations":[{"start":{"line":108,"column":12},"end":{"line":108,"column":12},"skip":true},{"start":{"line":108,"column":12},"end":{"line":108,"column":12},"skip":true}]},"14":{"line":108,"type":"binary-expr","locations":[{"start":{"line":108,"column":16},"end":{"line":108,"column":61},"skip":true},{"start":{"line":108,"column":66},"end":{"line":108,"column":72},"skip":true},{"start":{"line":108,"column":77},"end":{"line":108,"column":82},"skip":true},{"start":{"line":109,"column":20},"end":{"line":109,"column":39},"skip":true},{"start":{"line":110,"column":20},"end":{"line":110,"column":49},"skip":true},{"start":{"line":111,"column":20},"end":{"line":111,"column":58},"skip":true},{"start":{"line":112,"column":20},"end":{"line":112,"column":68},"skip":true}]},"15":{"line":129,"type":"if","locations":[{"start":{"line":129,"column":16},"end":{"line":129,"column":16},"skip":true},{"start":{"line":129,"column":16},"end":{"line":129,"column":16},"skip":true}]},"16":{"line":134,"type":"cond-expr","locations":[{"start":{"line":135,"column":26},"end":{"line":135,"column":29},"skip":true},{"start":{"line":136,"column":26},"end":{"line":136,"column":54},"skip":true}]},"17":{"line":164,"type":"binary-expr","locations":[{"start":{"line":164,"column":27},"end":{"line":164,"column":43},"skip":true},{"start":{"line":164,"column":47},"end":{"line":164,"column":49},"skip":true}]},"18":{"line":258,"type":"if","locations":[{"start":{"line":258,"column":8},"end":{"line":258,"column":8},"skip":true},{"start":{"line":258,"column":8},"end":{"line":258,"column":8},"skip":true}]},"19":{"line":275,"type":"switch","locations":[{"start":{"line":276,"column":20},"end":{"line":277,"column":64},"skip":true},{"start":{"line":278,"column":20},"end":{"line":279,"column":40},"skip":true},{"start":{"line":280,"column":20},"end":{"line":281,"column":40},"skip":true},{"start":{"line":282,"column":20},"end":{"line":283,"column":39},"skip":true}]},"20":{"line":288,"type":"if","locations":[{"start":{"line":288,"column":8},"end":{"line":288,"column":8},"skip":true},{"start":{"line":288,"column":8},"end":{"line":288,"column":8},"skip":true}]},"21":{"line":288,"type":"binary-expr","locations":[{"start":{"line":288,"column":12},"end":{"line":288,"column":40},"skip":true},{"start":{"line":288,"column":44},"end":{"line":288,"column":67},"skip":true}]},"22":{"line":292,"type":"binary-expr","locations":[{"start":{"line":292,"column":12},"end":{"line":292,"column":50},"skip":true},{"start":{"line":293,"column":12},"end":{"line":293,"column":53},"skip":true}]},"23":{"line":297,"type":"binary-expr","locations":[{"start":{"line":297,"column":12},"end":{"line":297,"column":72},"skip":true},{"start":{"line":298,"column":12},"end":{"line":301,"column":36},"skip":true}]},"24":{"line":303,"type":"binary-expr","locations":[{"start":{"line":303,"column":43},"end":{"line":303,"column":75},"skip":true},{"start":{"line":303,"column":79},"end":{"line":303,"column":81},"skip":true}]},"25":{"line":306,"type":"if","locations":[{"start":{"line":306,"column":8},"end":{"line":306,"column":8},"skip":true},{"start":{"line":306,"column":8},"end":{"line":306,"column":8},"skip":true}]},"26":{"line":310,"type":"if","locations":[{"start":{"line":310,"column":8},"end":{"line":310,"column":8},"skip":true},{"start":{"line":310,"column":8},"end":{"line":310,"column":8},"skip":true}]},"27":{"line":313,"type":"binary-expr","locations":[{"start":{"line":313,"column":27},"end":{"line":313,"column":43},"skip":true},{"start":{"line":313,"column":47},"end":{"line":313,"column":53},"skip":true}]},"28":{"line":317,"type":"if","locations":[{"start":{"line":317,"column":12},"end":{"line":317,"column":12},"skip":true},{"start":{"line":317,"column":12},"end":{"line":317,"column":12},"skip":true}]}},"code":["/*","example.js","","quickstart example","","instruction","    1. save this script as example.js","    2. run the shell command:","        $ npm install npmtest-angular-moment && PORT=8081 node example.js","    3. play with the browser-demo on http://127.0.0.1:8081","*/","","","","/* istanbul instrument in package npmtest_angular_moment */","/*jslint","    bitwise: true,","    browser: true,","    maxerr: 8,","    maxlen: 96,","    node: true,","    nomen: true,","    regexp: true,","    stupid: true","*/","(function () {","    'use strict';","    var local;","","","","    // run shared js-env code - init-before","    (function () {","        // init local","        local = {};","        // init modeJs","        local.modeJs = (function () {","            try {","                return typeof navigator.userAgent === 'string' &&","                    typeof document.querySelector('body') === 'object' &&","                    typeof XMLHttpRequest.prototype.open === 'function' &&","                    'browser';","            } catch (errorCaughtBrowser) {","                return module.exports &&","                    typeof process.versions.node === 'string' &&","                    typeof require('http').createServer === 'function' &&","                    'node';","            }","        }());","        // init global","        local.global = local.modeJs === 'browser'","            ? window","            : global;","        // init utility2_rollup","        local = local.global.utility2_rollup || (local.modeJs === 'browser'","            ? local.global.utility2_npmtest_angular_moment","            : global.utility2_moduleExports);","        // export local","        local.global.local = local;","    }());","    switch (local.modeJs) {","","","","    // init-after","    // run browser js-env code - init-after","    /* istanbul ignore next */","    case 'browser':","        local.testRunBrowser = function (event) {","            if (!event || (event &&","                    event.currentTarget &&","                    event.currentTarget.className &&","                    event.currentTarget.className.includes &&","                    event.currentTarget.className.includes('onreset'))) {","                // reset output","                Array.from(","                    document.querySelectorAll('body > .resettable')","                ).forEach(function (element) {","                    switch (element.tagName) {","                    case 'INPUT':","                    case 'TEXTAREA':","                        element.value = '';","                        break;","                    default:","                        element.textContent = '';","                    }","                });","            }","            switch (event && event.currentTarget && event.currentTarget.id) {","            case 'testRunButton1':","                // show tests","                if (document.querySelector('#testReportDiv1').style.display === 'none') {","                    document.querySelector('#testReportDiv1').style.display = 'block';","                    document.querySelector('#testRunButton1').textContent =","                        'hide internal test';","                    local.modeTest = true;","                    local.testRunDefault(local);","                // hide tests","                } else {","                    document.querySelector('#testReportDiv1').style.display = 'none';","                    document.querySelector('#testRunButton1').textContent = 'run internal test';","                }","                break;","            // custom-case","            default:","                break;","            }","            if (document.querySelector('#inputTextareaEval1') && (!event || (event &&","                    event.currentTarget &&","                    event.currentTarget.className &&","                    event.currentTarget.className.includes &&","                    event.currentTarget.className.includes('oneval')))) {","                // try to eval input-code","                try {","                    /*jslint evil: true*/","                    eval(document.querySelector('#inputTextareaEval1').value);","                } catch (errorCaught) {","                    console.error(errorCaught);","                }","            }","        };","        // log stderr and stdout to #outputTextareaStdout1","        ['error', 'log'].forEach(function (key) {","            console[key + '_original'] = console[key];","            console[key] = function () {","                var element;","                console[key + '_original'].apply(console, arguments);","                element = document.querySelector('#outputTextareaStdout1');","                if (!element) {","                    return;","                }","                // append text to #outputTextareaStdout1","                element.value += Array.from(arguments).map(function (arg) {","                    return typeof arg === 'string'","                        ? arg","                        : JSON.stringify(arg, null, 4);","                }).join(' ') + '\\n';","                // scroll textarea to bottom","                element.scrollTop = element.scrollHeight;","            };","        });","        // init event-handling","        ['change', 'click', 'keyup'].forEach(function (event) {","            Array.from(document.querySelectorAll('.on' + event)).forEach(function (element) {","                element.addEventListener(event, local.testRunBrowser);","            });","        });","        // run tests","        local.testRunBrowser();","        break;","","","","    // run node js-env code - init-after","    /* istanbul ignore next */","    case 'node':","        // export local","        module.exports = local;","        // require modules","        local.fs = require('fs');","        local.http = require('http');","        local.url = require('url');","        // init assets","        local.assetsDict = local.assetsDict || {};","        /* jslint-ignore-begin */","        local.assetsDict['/assets.index.template.html'] = '\\","<!doctype html>\\n\\","<html lang=\"en\">\\n\\","<head>\\n\\","<meta charset=\"UTF-8\">\\n\\","<meta name=\"viewport\" content=\"width=device-width, initial-scale=1\">\\n\\","<title>{{env.npm_package_name}} (v{{env.npm_package_version}})</title>\\n\\","<style>\\n\\","/*csslint\\n\\","    box-sizing: false,\\n\\","    universal-selector: false\\n\\","*/\\n\\","* {\\n\\","    box-sizing: border-box;\\n\\","}\\n\\","body {\\n\\","    background: #dde;\\n\\","    font-family: Arial, Helvetica, sans-serif;\\n\\","    margin: 2rem;\\n\\","}\\n\\","body > * {\\n\\","    margin-bottom: 1rem;\\n\\","}\\n\\",".utility2FooterDiv {\\n\\","    margin-top: 20px;\\n\\","    text-align: center;\\n\\","}\\n\\","</style>\\n\\","<style>\\n\\","/*csslint\\n\\","*/\\n\\","textarea {\\n\\","    font-family: monospace;\\n\\","    height: 10rem;\\n\\","    width: 100%;\\n\\","}\\n\\","textarea[readonly] {\\n\\","    background: #ddd;\\n\\","}\\n\\","</style>\\n\\","</head>\\n\\","<body>\\n\\","<!-- utility2-comment\\n\\","<div id=\"ajaxProgressDiv1\" style=\"background: #d00; height: 2px; left: 0; margin: 0; padding: 0; position: fixed; top: 0; transition: background 0.5s, width 1.5s; width: 25%;\"></div>\\n\\","utility2-comment -->\\n\\","<h1>\\n\\","<!-- utility2-comment\\n\\","    <a\\n\\","        {{#if env.npm_package_homepage}}\\n\\","        href=\"{{env.npm_package_homepage}}\"\\n\\","        {{/if env.npm_package_homepage}}\\n\\","        target=\"_blank\"\\n\\","    >\\n\\","utility2-comment -->\\n\\","        {{env.npm_package_name}} (v{{env.npm_package_version}})\\n\\","<!-- utility2-comment\\n\\","    </a>\\n\\","utility2-comment -->\\n\\","</h1>\\n\\","<h3>{{env.npm_package_description}}</h3>\\n\\","<!-- utility2-comment\\n\\","<h4><a download href=\"assets.app.js\">download standalone app</a></h4>\\n\\","<button class=\"onclick onreset\" id=\"testRunButton1\">run internal test</button><br>\\n\\","<div id=\"testReportDiv1\" style=\"display: none;\"></div>\\n\\","utility2-comment -->\\n\\","\\n\\","\\n\\","\\n\\","<label>stderr and stdout</label>\\n\\","<textarea class=\"resettable\" id=\"outputTextareaStdout1\" readonly></textarea>\\n\\","<!-- utility2-comment\\n\\","{{#if isRollup}}\\n\\","<script src=\"assets.app.js\"></script>\\n\\","{{#unless isRollup}}\\n\\","utility2-comment -->\\n\\","<script src=\"assets.utility2.rollup.js\"></script>\\n\\","<script src=\"jsonp.utility2._stateInit?callback=window.utility2._stateInit\"></script>\\n\\","<script src=\"assets.npmtest_angular_moment.rollup.js\"></script>\\n\\","<script src=\"assets.example.js\"></script>\\n\\","<script src=\"assets.test.js\"></script>\\n\\","<!-- utility2-comment\\n\\","{{/if isRollup}}\\n\\","utility2-comment -->\\n\\","<div class=\"utility2FooterDiv\">\\n\\","    [ this app was created with\\n\\","    <a href=\"https://github.com/kaizhu256/node-utility2\" target=\"_blank\">utility2</a>\\n\\","    ]\\n\\","</div>\\n\\","</body>\\n\\","</html>\\n\\","';","        /* jslint-ignore-end */","        if (local.templateRender) {","            local.assetsDict['/'] = local.templateRender(","                local.assetsDict['/assets.index.template.html'],","                {","                    env: local.objectSetDefault(local.env, {","                        npm_package_description: 'the greatest app in the world!',","                        npm_package_name: 'my-app',","                        npm_package_nameAlias: 'my_app',","                        npm_package_version: '0.0.1'","                    })","                }","            );","        } else {","            local.assetsDict['/'] = local.assetsDict['/assets.index.template.html']","                .replace((/\\{\\{env\\.(\\w+?)\\}\\}/g), function (match0, match1) {","                    // jslint-hack","                    String(match0);","                    switch (match1) {","                    case 'npm_package_description':","                        return 'the greatest app in the world!';","                    case 'npm_package_name':","                        return 'my-app';","                    case 'npm_package_nameAlias':","                        return 'my_app';","                    case 'npm_package_version':","                        return '0.0.1';","                    }","                });","        }","        // run the cli","        if (local.global.utility2_rollup || module !== require.main) {","            break;","        }","        local.assetsDict['/assets.example.js'] =","            local.assetsDict['/assets.example.js'] ||","            local.fs.readFileSync(__filename, 'utf8');","        // bug-workaround - long $npm_package_buildCustomOrg","        /* jslint-ignore-begin */","        local.assetsDict['/assets.npmtest_angular_moment.rollup.js'] =","            local.assetsDict['/assets.npmtest_angular_moment.rollup.js'] ||","            local.fs.readFileSync(","                local.npmtest_angular_moment.__dirname + '/lib.npmtest_angular_moment.js',","                'utf8'","            ).replace((/^#!/), '//');","        /* jslint-ignore-end */","        local.assetsDict['/favicon.ico'] = local.assetsDict['/favicon.ico'] || '';","        // if $npm_config_timeout_exit exists,","        // then exit this process after $npm_config_timeout_exit ms","        if (Number(process.env.npm_config_timeout_exit)) {","            setTimeout(process.exit, Number(process.env.npm_config_timeout_exit));","        }","        // start server","        if (local.global.utility2_serverHttp1) {","            break;","        }","        process.env.PORT = process.env.PORT || '8081';","        console.error('server starting on port ' + process.env.PORT);","        local.http.createServer(function (request, response) {","            request.urlParsed = local.url.parse(request.url);","            if (local.assetsDict[request.urlParsed.pathname] !== undefined) {","                response.end(local.assetsDict[request.urlParsed.pathname]);","                return;","            }","            response.statusCode = 404;","            response.end();","        }).listen(process.env.PORT);","        break;","    }","}());",""],"l":{"26":2,"28":2,"33":2,"35":2,"37":2,"38":2,"39":2,"44":1,"51":2,"55":2,"59":2,"61":2,"69":1,"70":2,"76":2,"79":2,"82":2,"83":2,"85":1,"89":2,"92":1,"93":1,"94":1,"96":1,"97":1,"100":1,"101":1,"103":1,"106":1,"108":2,"114":1,"116":1,"118":1,"123":1,"124":2,"125":2,"126":3,"127":3,"128":3,"129":3,"130":1,"133":3,"134":3,"139":3,"143":1,"144":3,"145":1,"149":1,"150":1,"158":1,"160":1,"161":1,"162":1,"164":1,"166":1,"258":1,"259":1,"271":1,"274":6,"275":6,"277":1,"279":2,"281":1,"283":2,"288":1,"289":1,"291":1,"296":1,"303":1,"306":1,"307":1,"310":1,"311":1,"313":1,"314":1,"315":1,"316":1,"317":1,"318":1,"319":1,"321":1,"322":1,"324":1}},"/home/travis/build/npmtest/node-npmtest-angular-moment/node_modules/angular-moment/angular-moment.js":{"path":"/home/travis/build/npmtest/node-npmtest-angular-moment/node_modules/angular-moment/angular-moment.js","s":{"1":2,"2":2,"3":1,"4":0,"5":1,"6":0,"7":0,"8":0,"9":1,"10":0,"11":0,"12":0,"13":0,"14":0,"15":0,"16":0,"17":0,"18":0,"19":0,"20":0,"21":0,"22":0,"23":0,"24":0,"25":0,"26":0,"27":0,"28":1,"29":0,"30":0,"31":0,"32":0,"33":0,"34":0,"35":0,"36":0,"37":0,"38":1,"39":0,"40":0,"41":0,"42":1,"43":0,"44":0,"45":0,"46":0,"47":0,"48":0,"49":0,"50":0,"51":0,"52":0,"53":0,"54":0,"55":0,"56":0,"57":0,"58":0,"59":0,"60":0,"61":1,"62":0,"63":0,"64":1,"65":0,"66":0,"67":0,"68":0,"69":0,"70":0,"71":0,"72":0,"73":0,"74":0,"75":0,"76":0,"77":0,"78":0,"79":0,"80":0,"81":0,"82":0,"83":0,"84":0,"85":0,"86":0,"87":0,"88":0,"89":0,"90":0,"91":0,"92":0,"93":0,"94":0,"95":0,"96":0,"97":0,"98":0,"99":0,"100":0,"101":0,"102":0,"103":0,"104":0,"105":0,"106":0,"107":0,"108":0,"109":0,"110":0,"111":0,"112":0,"113":0,"114":0,"115":0,"116":0,"117":0,"118":0,"119":0,"120":0,"121":0,"122":0,"123":0,"124":0,"125":0,"126":0,"127":0,"128":0,"129":0,"130":0,"131":0,"132":1,"133":0,"134":0,"135":0,"136":0,"137":1,"138":0,"139":0,"140":0,"141":0,"142":0,"143":0,"144":0,"145":0,"146":1,"147":0,"148":0,"149":0,"150":0,"151":0,"152":0,"153":1,"154":0,"155":0,"156":0,"157":0,"158":0,"159":0,"160":0,"161":0,"162":0,"163":1,"164":0,"165":0,"166":0,"167":0,"168":0,"169":0,"170":0,"171":0,"172":1,"173":0,"174":0,"175":0,"176":0,"177":0,"178":1,"179":0,"180":0,"181":0,"182":0,"183":0,"184":0,"185":0,"186":0,"187":0,"188":0,"189":0,"190":0,"191":0,"192":1,"193":0,"194":0,"195":0,"196":0,"197":0,"198":1,"199":0,"200":0,"201":0,"202":0,"203":0,"204":1,"205":0,"206":0,"207":0,"208":0,"209":0,"210":1,"211":0,"212":0,"213":0,"214":0,"215":0,"216":0,"217":2,"218":0,"219":0,"220":0,"221":0,"222":0},"b":{"1":[0,0],"2":[0,0],"3":[0,0],"4":[0,0],"5":[0,0],"6":[0,0],"7":[0,0],"8":[0,0],"9":[0,0],"10":[0,0],"11":[0,0],"12":[0,0],"13":[0,0],"14":[0,0],"15":[0,0],"16":[0,0],"17":[0,0],"18":[0,0],"19":[0,0],"20":[0,0],"21":[0,0],"22":[0,0],"23":[0,0],"24":[0,0],"25":[0,0],"26":[0,0],"27":[0,0],"28":[0,0],"29":[0,0],"30":[0,0],"31":[0,0],"32":[0,0],"33":[0,0],"34":[0,0],"35":[0,0],"36":[0,0],"37":[0,0],"38":[0,0],"39":[0,0],"40":[0,0],"41":[0,0],"42":[0,0],"43":[0,0],"44":[0,0],"45":[0,0],"46":[0,0],"47":[0,0],"48":[0,0],"49":[0,0],"50":[0,0],"51":[0,0],"52":[2,0,0],"53":[0,0],"54":[0,0],"55":[0,0],"56":[0,0,0,0,0],"57":[0,0]},"f":{"1":2,"2":0,"3":0,"4":0,"5":0,"6":0,"7":0,"8":0,"9":0,"10":0,"11":0,"12":0,"13":0,"14":0,"15":0,"16":0,"17":0,"18":0,"19":0,"20":0,"21":0,"22":0,"23":0,"24":0,"25":0,"26":0,"27":0,"28":0,"29":0,"30":0,"31":0,"32":0,"33":0,"34":0,"35":0,"36":0,"37":0,"38":0,"39":0,"40":0,"41":0,"42":0,"43":0,"44":0,"45":0,"46":0,"47":0,"48":0,"49":0,"50":0,"51":0,"52":0,"53":0,"54":0},"fnMap":{"1":{"name":"(anonymous_1)","line":6,"loc":{"start":{"line":6,"column":1},"end":{"line":6,"column":13}}},"2":{"name":"isUndefinedOrNull","line":9,"loc":{"start":{"line":9,"column":1},"end":{"line":9,"column":33}}},"3":{"name":"requireMoment","line":13,"loc":{"start":{"line":13,"column":1},"end":{"line":13,"column":26}}},"4":{"name":"angularMoment","line":21,"loc":{"start":{"line":21,"column":1},"end":{"line":21,"column":41}}},"5":{"name":"(anonymous_5)","line":193,"loc":{"start":{"line":193,"column":80},"end":{"line":193,"column":134}}},"6":{"name":"(anonymous_6)","line":195,"loc":{"start":{"line":195,"column":11},"end":{"line":195,"column":43}}},"7":{"name":"getNow","line":210,"loc":{"start":{"line":210,"column":5},"end":{"line":210,"column":23}}},"8":{"name":"cancelTimer","line":225,"loc":{"start":{"line":225,"column":5},"end":{"line":225,"column":28}}},"9":{"name":"updateTime","line":232,"loc":{"start":{"line":232,"column":5},"end":{"line":232,"column":41}}},"10":{"name":"(anonymous_10)","line":257,"loc":{"start":{"line":257,"column":42},"end":{"line":257,"column":54}}},"11":{"name":"updateDateTimeAttr","line":263,"loc":{"start":{"line":263,"column":5},"end":{"line":263,"column":40}}},"12":{"name":"updateMoment","line":269,"loc":{"start":{"line":269,"column":5},"end":{"line":269,"column":29}}},"13":{"name":"(anonymous_13)","line":278,"loc":{"start":{"line":278,"column":29},"end":{"line":278,"column":46}}},"14":{"name":"(anonymous_14)","line":294,"loc":{"start":{"line":294,"column":32},"end":{"line":294,"column":49}}},"15":{"name":"(anonymous_15)","line":305,"loc":{"start":{"line":305,"column":41},"end":{"line":305,"column":58}}},"16":{"name":"(anonymous_16)","line":315,"loc":{"start":{"line":315,"column":42},"end":{"line":315,"column":62}}},"17":{"name":"(anonymous_17)","line":320,"loc":{"start":{"line":320,"column":39},"end":{"line":320,"column":59}}},"18":{"name":"(anonymous_18)","line":325,"loc":{"start":{"line":325,"column":46},"end":{"line":325,"column":66}}},"19":{"name":"(anonymous_19)","line":330,"loc":{"start":{"line":330,"column":27},"end":{"line":330,"column":39}}},"20":{"name":"(anonymous_20)","line":334,"loc":{"start":{"line":334,"column":41},"end":{"line":334,"column":53}}},"21":{"name":"(anonymous_21)","line":345,"loc":{"start":{"line":345,"column":80},"end":{"line":345,"column":137}}},"22":{"name":"(anonymous_22)","line":360,"loc":{"start":{"line":360,"column":24},"end":{"line":360,"column":57}}},"23":{"name":"(anonymous_23)","line":382,"loc":{"start":{"line":382,"column":26},"end":{"line":382,"column":46}}},"24":{"name":"(anonymous_24)","line":406,"loc":{"start":{"line":406,"column":26},"end":{"line":406,"column":43}}},"25":{"name":"(anonymous_25)","line":431,"loc":{"start":{"line":431,"column":33},"end":{"line":431,"column":51}}},"26":{"name":"(anonymous_26)","line":432,"loc":{"start":{"line":432,"column":11},"end":{"line":432,"column":36}}},"27":{"name":"(anonymous_27)","line":442,"loc":{"start":{"line":442,"column":36},"end":{"line":442,"column":54}}},"28":{"name":"(anonymous_28)","line":443,"loc":{"start":{"line":443,"column":11},"end":{"line":443,"column":28}}},"29":{"name":"(anonymous_29)","line":453,"loc":{"start":{"line":453,"column":31},"end":{"line":453,"column":49}}},"30":{"name":"(anonymous_30)","line":454,"loc":{"start":{"line":454,"column":11},"end":{"line":454,"column":28}}},"31":{"name":"(anonymous_31)","line":468,"loc":{"start":{"line":468,"column":39},"end":{"line":468,"column":59}}},"32":{"name":"amUtcOffset","line":469,"loc":{"start":{"line":469,"column":4},"end":{"line":469,"column":40}}},"33":{"name":"(anonymous_33)","line":481,"loc":{"start":{"line":481,"column":33},"end":{"line":481,"column":51}}},"34":{"name":"(anonymous_34)","line":482,"loc":{"start":{"line":482,"column":11},"end":{"line":482,"column":28}}},"35":{"name":"(anonymous_35)","line":497,"loc":{"start":{"line":497,"column":69},"end":{"line":497,"column":116}}},"36":{"name":"amTimezone","line":498,"loc":{"start":{"line":498,"column":4},"end":{"line":498,"column":41}}},"37":{"name":"(anonymous_37)","line":521,"loc":{"start":{"line":521,"column":71},"end":{"line":521,"column":120}}},"38":{"name":"amCalendarFilter","line":522,"loc":{"start":{"line":522,"column":4},"end":{"line":522,"column":61}}},"39":{"name":"(anonymous_39)","line":543,"loc":{"start":{"line":543,"column":73},"end":{"line":543,"column":122}}},"40":{"name":"amDifferenceFilter","line":544,"loc":{"start":{"line":544,"column":4},"end":{"line":544,"column":71}}},"41":{"name":"(anonymous_41)","line":570,"loc":{"start":{"line":570,"column":73},"end":{"line":570,"column":122}}},"42":{"name":"amDateFormatFilter","line":571,"loc":{"start":{"line":571,"column":4},"end":{"line":571,"column":47}}},"43":{"name":"(anonymous_43)","line":595,"loc":{"start":{"line":595,"column":65},"end":{"line":595,"column":104}}},"44":{"name":"amDurationFormatFilter","line":596,"loc":{"start":{"line":596,"column":4},"end":{"line":596,"column":59}}},"45":{"name":"(anonymous_45)","line":615,"loc":{"start":{"line":615,"column":70},"end":{"line":615,"column":119}}},"46":{"name":"amTimeAgoFilter","line":616,"loc":{"start":{"line":616,"column":4},"end":{"line":616,"column":50}}},"47":{"name":"(anonymous_47)","line":648,"loc":{"start":{"line":648,"column":59},"end":{"line":648,"column":98}}},"48":{"name":"amSubtractFilter","line":649,"loc":{"start":{"line":649,"column":4},"end":{"line":649,"column":51}}},"49":{"name":"(anonymous_49)","line":669,"loc":{"start":{"line":669,"column":54},"end":{"line":669,"column":93}}},"50":{"name":"amAddFilter","line":670,"loc":{"start":{"line":670,"column":4},"end":{"line":670,"column":46}}},"51":{"name":"(anonymous_51)","line":690,"loc":{"start":{"line":690,"column":58},"end":{"line":690,"column":97}}},"52":{"name":"amStartOfFilter","line":691,"loc":{"start":{"line":691,"column":4},"end":{"line":691,"column":42}}},"53":{"name":"(anonymous_53)","line":711,"loc":{"start":{"line":711,"column":56},"end":{"line":711,"column":95}}},"54":{"name":"amEndOfFilter","line":712,"loc":{"start":{"line":712,"column":4},"end":{"line":712,"column":40}}}},"statementMap":{"1":{"start":{"line":3,"column":0},"end":{"line":3,"column":13}},"2":{"start":{"line":6,"column":0},"end":{"line":737,"column":5}},"3":{"start":{"line":9,"column":1},"end":{"line":11,"column":2}},"4":{"start":{"line":10,"column":2},"end":{"line":10,"column":50}},"5":{"start":{"line":13,"column":1},"end":{"line":19,"column":2}},"6":{"start":{"line":14,"column":2},"end":{"line":18,"column":3}},"7":{"start":{"line":15,"column":3},"end":{"line":15,"column":28}},"8":{"start":{"line":17,"column":3},"end":{"line":17,"column":114}},"9":{"start":{"line":21,"column":1},"end":{"line":727,"column":2}},"10":{"start":{"line":23,"column":2},"end":{"line":29,"column":3}},"11":{"start":{"line":24,"column":3},"end":{"line":28,"column":4}},"12":{"start":{"line":25,"column":4},"end":{"line":25,"column":29}},"13":{"start":{"line":27,"column":4},"end":{"line":27,"column":126}},"14":{"start":{"line":38,"column":2},"end":{"line":724,"column":8}},"15":{"start":{"line":195,"column":4},"end":{"line":337,"column":6}},"16":{"start":{"line":196,"column":5},"end":{"line":196,"column":30}},"17":{"start":{"line":197,"column":5},"end":{"line":197,"column":22}},"18":{"start":{"line":198,"column":5},"end":{"line":198,"column":55}},"19":{"start":{"line":199,"column":5},"end":{"line":199,"column":51}},"20":{"start":{"line":200,"column":5},"end":{"line":200,"column":63}},"21":{"start":{"line":201,"column":5},"end":{"line":201,"column":57}},"22":{"start":{"line":202,"column":5},"end":{"line":202,"column":71}},"23":{"start":{"line":204,"column":5},"end":{"line":204,"column":42}},"24":{"start":{"line":205,"column":5},"end":{"line":205,"column":36}},"25":{"start":{"line":206,"column":5},"end":{"line":206,"column":21}},"26":{"start":{"line":207,"column":5},"end":{"line":207,"column":72}},"27":{"start":{"line":208,"column":5},"end":{"line":208,"column":47}},"28":{"start":{"line":210,"column":5},"end":{"line":223,"column":6}},"29":{"start":{"line":211,"column":6},"end":{"line":211,"column":14}},"30":{"start":{"line":212,"column":6},"end":{"line":221,"column":7}},"31":{"start":{"line":213,"column":7},"end":{"line":213,"column":25}},"32":{"start":{"line":214,"column":13},"end":{"line":221,"column":7}},"33":{"start":{"line":215,"column":7},"end":{"line":215,"column":43}},"34":{"start":{"line":216,"column":7},"end":{"line":216,"column":73}},"35":{"start":{"line":217,"column":7},"end":{"line":217,"column":31}},"36":{"start":{"line":220,"column":7},"end":{"line":220,"column":22}},"37":{"start":{"line":222,"column":6},"end":{"line":222,"column":17}},"38":{"start":{"line":225,"column":5},"end":{"line":230,"column":6}},"39":{"start":{"line":226,"column":6},"end":{"line":229,"column":7}},"40":{"start":{"line":227,"column":7},"end":{"line":227,"column":43}},"41":{"start":{"line":228,"column":7},"end":{"line":228,"column":28}},"42":{"start":{"line":232,"column":5},"end":{"line":261,"column":6}},"43":{"start":{"line":233,"column":6},"end":{"line":233,"column":73}},"44":{"start":{"line":234,"column":6},"end":{"line":234,"column":75}},"45":{"start":{"line":236,"column":6},"end":{"line":240,"column":7}},"46":{"start":{"line":237,"column":7},"end":{"line":237,"column":59}},"47":{"start":{"line":239,"column":7},"end":{"line":239,"column":66}},"48":{"start":{"line":242,"column":6},"end":{"line":244,"column":7}},"49":{"start":{"line":243,"column":7},"end":{"line":243,"column":65}},"50":{"start":{"line":246,"column":6},"end":{"line":260,"column":7}},"51":{"start":{"line":247,"column":7},"end":{"line":247,"column":70}},"52":{"start":{"line":248,"column":7},"end":{"line":248,"column":37}},"53":{"start":{"line":249,"column":7},"end":{"line":255,"column":8}},"54":{"start":{"line":250,"column":8},"end":{"line":250,"column":31}},"55":{"start":{"line":251,"column":14},"end":{"line":255,"column":8}},"56":{"start":{"line":252,"column":8},"end":{"line":252,"column":32}},"57":{"start":{"line":253,"column":14},"end":{"line":255,"column":8}},"58":{"start":{"line":254,"column":8},"end":{"line":254,"column":33}},"59":{"start":{"line":257,"column":7},"end":{"line":259,"column":37}},"60":{"start":{"line":258,"column":8},"end":{"line":258,"column":35}},"61":{"start":{"line":263,"column":5},"end":{"line":267,"column":6}},"62":{"start":{"line":264,"column":6},"end":{"line":266,"column":7}},"63":{"start":{"line":265,"column":7},"end":{"line":265,"column":39}},"64":{"start":{"line":269,"column":5},"end":{"line":276,"column":6}},"65":{"start":{"line":270,"column":6},"end":{"line":270,"column":20}},"66":{"start":{"line":271,"column":6},"end":{"line":275,"column":7}},"67":{"start":{"line":272,"column":7},"end":{"line":272,"column":63}},"68":{"start":{"line":273,"column":7},"end":{"line":273,"column":31}},"69":{"start":{"line":274,"column":7},"end":{"line":274,"column":53}},"70":{"start":{"line":278,"column":5},"end":{"line":291,"column":8}},"71":{"start":{"line":279,"column":6},"end":{"line":287,"column":7}},"72":{"start":{"line":280,"column":7},"end":{"line":280,"column":21}},"73":{"start":{"line":281,"column":7},"end":{"line":285,"column":8}},"74":{"start":{"line":282,"column":8},"end":{"line":282,"column":25}},"75":{"start":{"line":283,"column":8},"end":{"line":283,"column":31}},"76":{"start":{"line":284,"column":8},"end":{"line":284,"column":28}},"77":{"start":{"line":286,"column":7},"end":{"line":286,"column":14}},"78":{"start":{"line":289,"column":6},"end":{"line":289,"column":27}},"79":{"start":{"line":290,"column":6},"end":{"line":290,"column":21}},"80":{"start":{"line":293,"column":5},"end":{"line":302,"column":6}},"81":{"start":{"line":294,"column":6},"end":{"line":301,"column":9}},"82":{"start":{"line":295,"column":7},"end":{"line":299,"column":8}},"83":{"start":{"line":296,"column":8},"end":{"line":296,"column":27}},"84":{"start":{"line":298,"column":8},"end":{"line":298,"column":36}},"85":{"start":{"line":300,"column":7},"end":{"line":300,"column":22}},"86":{"start":{"line":304,"column":5},"end":{"line":313,"column":6}},"87":{"start":{"line":305,"column":6},"end":{"line":312,"column":9}},"88":{"start":{"line":306,"column":7},"end":{"line":311,"column":8}},"89":{"start":{"line":307,"column":8},"end":{"line":307,"column":30}},"90":{"start":{"line":308,"column":8},"end":{"line":308,"column":23}},"91":{"start":{"line":310,"column":8},"end":{"line":310,"column":54}},"92":{"start":{"line":315,"column":5},"end":{"line":318,"column":8}},"93":{"start":{"line":316,"column":6},"end":{"line":316,"column":35}},"94":{"start":{"line":317,"column":6},"end":{"line":317,"column":21}},"95":{"start":{"line":320,"column":5},"end":{"line":323,"column":8}},"96":{"start":{"line":321,"column":6},"end":{"line":321,"column":32}},"97":{"start":{"line":322,"column":6},"end":{"line":322,"column":21}},"98":{"start":{"line":325,"column":5},"end":{"line":328,"column":8}},"99":{"start":{"line":326,"column":6},"end":{"line":326,"column":39}},"100":{"start":{"line":327,"column":6},"end":{"line":327,"column":21}},"101":{"start":{"line":330,"column":5},"end":{"line":332,"column":8}},"102":{"start":{"line":331,"column":6},"end":{"line":331,"column":20}},"103":{"start":{"line":334,"column":5},"end":{"line":336,"column":8}},"104":{"start":{"line":335,"column":6},"end":{"line":335,"column":21}},"105":{"start":{"line":346,"column":4},"end":{"line":346,"column":31}},"106":{"start":{"line":360,"column":4},"end":{"line":367,"column":6}},"107":{"start":{"line":361,"column":5},"end":{"line":361,"column":55}},"108":{"start":{"line":362,"column":5},"end":{"line":365,"column":6}},"109":{"start":{"line":363,"column":6},"end":{"line":363,"column":54}},"110":{"start":{"line":366,"column":5},"end":{"line":366,"column":19}},"111":{"start":{"line":382,"column":4},"end":{"line":391,"column":6}},"112":{"start":{"line":383,"column":5},"end":{"line":388,"column":6}},"113":{"start":{"line":384,"column":6},"end":{"line":384,"column":37}},"114":{"start":{"line":385,"column":6},"end":{"line":385,"column":56}},"115":{"start":{"line":387,"column":6},"end":{"line":387,"column":106}},"116":{"start":{"line":389,"column":5},"end":{"line":389,"column":45}},"117":{"start":{"line":390,"column":5},"end":{"line":390,"column":32}},"118":{"start":{"line":406,"column":4},"end":{"line":423,"column":6}},"119":{"start":{"line":408,"column":5},"end":{"line":410,"column":6}},"120":{"start":{"line":409,"column":6},"end":{"line":409,"column":56}},"121":{"start":{"line":412,"column":5},"end":{"line":414,"column":6}},"122":{"start":{"line":413,"column":6},"end":{"line":413,"column":51}},"123":{"start":{"line":416,"column":5},"end":{"line":419,"column":6}},"124":{"start":{"line":418,"column":6},"end":{"line":418,"column":41}},"125":{"start":{"line":422,"column":5},"end":{"line":422,"column":26}},"126":{"start":{"line":432,"column":4},"end":{"line":434,"column":6}},"127":{"start":{"line":433,"column":5},"end":{"line":433,"column":34}},"128":{"start":{"line":443,"column":4},"end":{"line":445,"column":6}},"129":{"start":{"line":444,"column":5},"end":{"line":444,"column":31}},"130":{"start":{"line":454,"column":4},"end":{"line":456,"column":6}},"131":{"start":{"line":455,"column":5},"end":{"line":455,"column":30}},"132":{"start":{"line":469,"column":4},"end":{"line":471,"column":5}},"133":{"start":{"line":470,"column":5},"end":{"line":470,"column":61}},"134":{"start":{"line":473,"column":4},"end":{"line":473,"column":23}},"135":{"start":{"line":482,"column":4},"end":{"line":484,"column":6}},"136":{"start":{"line":483,"column":5},"end":{"line":483,"column":58}},"137":{"start":{"line":498,"column":4},"end":{"line":511,"column":5}},"138":{"start":{"line":499,"column":5},"end":{"line":499,"column":50}},"139":{"start":{"line":501,"column":5},"end":{"line":503,"column":6}},"140":{"start":{"line":502,"column":6},"end":{"line":502,"column":21}},"141":{"start":{"line":505,"column":5},"end":{"line":510,"column":6}},"142":{"start":{"line":506,"column":6},"end":{"line":506,"column":34}},"143":{"start":{"line":508,"column":6},"end":{"line":508,"column":137}},"144":{"start":{"line":509,"column":6},"end":{"line":509,"column":21}},"145":{"start":{"line":513,"column":4},"end":{"line":513,"column":22}},"146":{"start":{"line":522,"column":4},"end":{"line":529,"column":5}},"147":{"start":{"line":523,"column":5},"end":{"line":525,"column":6}},"148":{"start":{"line":524,"column":6},"end":{"line":524,"column":16}},"149":{"start":{"line":527,"column":5},"end":{"line":527,"column":47}},"150":{"start":{"line":528,"column":5},"end":{"line":528,"column":72}},"151":{"start":{"line":533,"column":4},"end":{"line":533,"column":69}},"152":{"start":{"line":535,"column":4},"end":{"line":535,"column":28}},"153":{"start":{"line":544,"column":4},"end":{"line":557,"column":5}},"154":{"start":{"line":545,"column":5},"end":{"line":547,"column":6}},"155":{"start":{"line":546,"column":6},"end":{"line":546,"column":16}},"156":{"start":{"line":549,"column":5},"end":{"line":549,"column":47}},"157":{"start":{"line":550,"column":5},"end":{"line":550,"column":97}},"158":{"start":{"line":552,"column":5},"end":{"line":554,"column":6}},"159":{"start":{"line":553,"column":6},"end":{"line":553,"column":16}},"160":{"start":{"line":556,"column":5},"end":{"line":556,"column":49}},"161":{"start":{"line":559,"column":4},"end":{"line":559,"column":71}},"162":{"start":{"line":561,"column":4},"end":{"line":561,"column":30}},"163":{"start":{"line":571,"column":4},"end":{"line":582,"column":5}},"164":{"start":{"line":572,"column":5},"end":{"line":574,"column":6}},"165":{"start":{"line":573,"column":6},"end":{"line":573,"column":16}},"166":{"start":{"line":576,"column":5},"end":{"line":576,"column":47}},"167":{"start":{"line":577,"column":5},"end":{"line":579,"column":6}},"168":{"start":{"line":578,"column":6},"end":{"line":578,"column":16}},"169":{"start":{"line":581,"column":5},"end":{"line":581,"column":32}},"170":{"start":{"line":584,"column":4},"end":{"line":584,"column":71}},"171":{"start":{"line":586,"column":4},"end":{"line":586,"column":30}},"172":{"start":{"line":596,"column":4},"end":{"line":602,"column":5}},"173":{"start":{"line":597,"column":5},"end":{"line":599,"column":6}},"174":{"start":{"line":598,"column":6},"end":{"line":598,"column":16}},"175":{"start":{"line":601,"column":5},"end":{"line":601,"column":60}},"176":{"start":{"line":604,"column":4},"end":{"line":604,"column":75}},"177":{"start":{"line":606,"column":4},"end":{"line":606,"column":34}},"178":{"start":{"line":616,"column":4},"end":{"line":635,"column":5}},"179":{"start":{"line":617,"column":5},"end":{"line":617,"column":24}},"180":{"start":{"line":619,"column":5},"end":{"line":621,"column":6}},"181":{"start":{"line":620,"column":6},"end":{"line":620,"column":16}},"182":{"start":{"line":623,"column":5},"end":{"line":623,"column":44}},"183":{"start":{"line":624,"column":5},"end":{"line":624,"column":26}},"184":{"start":{"line":625,"column":5},"end":{"line":627,"column":6}},"185":{"start":{"line":626,"column":6},"end":{"line":626,"column":16}},"186":{"start":{"line":629,"column":5},"end":{"line":629,"column":29}},"187":{"start":{"line":630,"column":5},"end":{"line":632,"column":6}},"188":{"start":{"line":631,"column":6},"end":{"line":631,"column":41}},"189":{"start":{"line":634,"column":5},"end":{"line":634,"column":33}},"190":{"start":{"line":637,"column":4},"end":{"line":637,"column":68}},"191":{"start":{"line":639,"column":4},"end":{"line":639,"column":27}},"192":{"start":{"line":649,"column":4},"end":{"line":656,"column":5}},"193":{"start":{"line":651,"column":5},"end":{"line":653,"column":6}},"194":{"start":{"line":652,"column":6},"end":{"line":652,"column":16}},"195":{"start":{"line":655,"column":5},"end":{"line":655,"column":63}},"196":{"start":{"line":658,"column":4},"end":{"line":658,"column":69}},"197":{"start":{"line":660,"column":4},"end":{"line":660,"column":28}},"198":{"start":{"line":670,"column":4},"end":{"line":677,"column":5}},"199":{"start":{"line":672,"column":5},"end":{"line":674,"column":6}},"200":{"start":{"line":673,"column":6},"end":{"line":673,"column":16}},"201":{"start":{"line":676,"column":5},"end":{"line":676,"column":58}},"202":{"start":{"line":679,"column":4},"end":{"line":679,"column":64}},"203":{"start":{"line":681,"column":4},"end":{"line":681,"column":23}},"204":{"start":{"line":691,"column":4},"end":{"line":698,"column":5}},"205":{"start":{"line":693,"column":5},"end":{"line":695,"column":6}},"206":{"start":{"line":694,"column":6},"end":{"line":694,"column":16}},"207":{"start":{"line":697,"column":5},"end":{"line":697,"column":40}},"208":{"start":{"line":700,"column":4},"end":{"line":700,"column":68}},"209":{"start":{"line":702,"column":4},"end":{"line":702,"column":27}},"210":{"start":{"line":712,"column":4},"end":{"line":719,"column":5}},"211":{"start":{"line":714,"column":5},"end":{"line":716,"column":6}},"212":{"start":{"line":715,"column":6},"end":{"line":715,"column":16}},"213":{"start":{"line":718,"column":5},"end":{"line":718,"column":38}},"214":{"start":{"line":721,"column":4},"end":{"line":721,"column":66}},"215":{"start":{"line":723,"column":4},"end":{"line":723,"column":25}},"216":{"start":{"line":726,"column":2},"end":{"line":726,"column":25}},"217":{"start":{"line":729,"column":1},"end":{"line":729,"column":66}},"218":{"start":{"line":730,"column":1},"end":{"line":736,"column":2}},"219":{"start":{"line":731,"column":2},"end":{"line":731,"column":47}},"220":{"start":{"line":732,"column":8},"end":{"line":736,"column":2}},"221":{"start":{"line":733,"column":2},"end":{"line":733,"column":72}},"222":{"start":{"line":735,"column":2},"end":{"line":735,"column":83}}},"branchMap":{"1":{"line":10,"type":"binary-expr","locations":[{"start":{"line":10,"column":9},"end":{"line":10,"column":33}},{"start":{"line":10,"column":37},"end":{"line":10,"column":49}}]},"2":{"line":23,"type":"if","locations":[{"start":{"line":23,"column":2},"end":{"line":23,"column":2}},{"start":{"line":23,"column":2},"end":{"line":23,"column":2}}]},"3":{"line":24,"type":"if","locations":[{"start":{"line":24,"column":3},"end":{"line":24,"column":3}},{"start":{"line":24,"column":3},"end":{"line":24,"column":3}}]},"4":{"line":212,"type":"if","locations":[{"start":{"line":212,"column":6},"end":{"line":212,"column":6}},{"start":{"line":212,"column":6},"end":{"line":212,"column":6}}]},"5":{"line":214,"type":"if","locations":[{"start":{"line":214,"column":13},"end":{"line":214,"column":13}},{"start":{"line":214,"column":13},"end":{"line":214,"column":13}}]},"6":{"line":226,"type":"if","locations":[{"start":{"line":226,"column":6},"end":{"line":226,"column":6}},{"start":{"line":226,"column":6},"end":{"line":226,"column":6}}]},"7":{"line":234,"type":"binary-expr","locations":[{"start":{"line":234,"column":25},"end":{"line":234,"column":42}},{"start":{"line":234,"column":46},"end":{"line":234,"column":74}}]},"8":{"line":236,"type":"if","locations":[{"start":{"line":236,"column":6},"end":{"line":236,"column":6}},{"start":{"line":236,"column":6},"end":{"line":236,"column":6}}]},"9":{"line":242,"type":"if","locations":[{"start":{"line":242,"column":6},"end":{"line":242,"column":6}},{"start":{"line":242,"column":6},"end":{"line":242,"column":6}}]},"10":{"line":242,"type":"binary-expr","locations":[{"start":{"line":242,"column":10},"end":{"line":242,"column":21}},{"start":{"line":242,"column":25},"end":{"line":242,"column":37}}]},"11":{"line":246,"type":"if","locations":[{"start":{"line":246,"column":6},"end":{"line":246,"column":6}},{"start":{"line":246,"column":6},"end":{"line":246,"column":6}}]},"12":{"line":249,"type":"if","locations":[{"start":{"line":249,"column":7},"end":{"line":249,"column":7}},{"start":{"line":249,"column":7},"end":{"line":249,"column":7}}]},"13":{"line":251,"type":"if","locations":[{"start":{"line":251,"column":14},"end":{"line":251,"column":14}},{"start":{"line":251,"column":14},"end":{"line":251,"column":14}}]},"14":{"line":253,"type":"if","locations":[{"start":{"line":253,"column":14},"end":{"line":253,"column":14}},{"start":{"line":253,"column":14},"end":{"line":253,"column":14}}]},"15":{"line":264,"type":"if","locations":[{"start":{"line":264,"column":6},"end":{"line":264,"column":6}},{"start":{"line":264,"column":6},"end":{"line":264,"column":6}}]},"16":{"line":271,"type":"if","locations":[{"start":{"line":271,"column":6},"end":{"line":271,"column":6}},{"start":{"line":271,"column":6},"end":{"line":271,"column":6}}]},"17":{"line":279,"type":"if","locations":[{"start":{"line":279,"column":6},"end":{"line":279,"column":6}},{"start":{"line":279,"column":6},"end":{"line":279,"column":6}}]},"18":{"line":279,"type":"binary-expr","locations":[{"start":{"line":279,"column":10},"end":{"line":279,"column":34}},{"start":{"line":279,"column":39},"end":{"line":279,"column":51}}]},"19":{"line":281,"type":"if","locations":[{"start":{"line":281,"column":7},"end":{"line":281,"column":7}},{"start":{"line":281,"column":7},"end":{"line":281,"column":7}}]},"20":{"line":293,"type":"if","locations":[{"start":{"line":293,"column":5},"end":{"line":293,"column":5}},{"start":{"line":293,"column":5},"end":{"line":293,"column":5}}]},"21":{"line":295,"type":"if","locations":[{"start":{"line":295,"column":7},"end":{"line":295,"column":7}},{"start":{"line":295,"column":7},"end":{"line":295,"column":7}}]},"22":{"line":295,"type":"binary-expr","locations":[{"start":{"line":295,"column":11},"end":{"line":295,"column":35}},{"start":{"line":295,"column":40},"end":{"line":295,"column":52}}]},"23":{"line":304,"type":"if","locations":[{"start":{"line":304,"column":5},"end":{"line":304,"column":5}},{"start":{"line":304,"column":5},"end":{"line":304,"column":5}}]},"24":{"line":306,"type":"if","locations":[{"start":{"line":306,"column":7},"end":{"line":306,"column":7}},{"start":{"line":306,"column":7},"end":{"line":306,"column":7}}]},"25":{"line":362,"type":"if","locations":[{"start":{"line":362,"column":5},"end":{"line":362,"column":5}},{"start":{"line":362,"column":5},"end":{"line":362,"column":5}}]},"26":{"line":383,"type":"if","locations":[{"start":{"line":383,"column":5},"end":{"line":383,"column":5}},{"start":{"line":383,"column":5},"end":{"line":383,"column":5}}]},"27":{"line":383,"type":"binary-expr","locations":[{"start":{"line":383,"column":9},"end":{"line":383,"column":18}},{"start":{"line":383,"column":22},"end":{"line":383,"column":42}}]},"28":{"line":408,"type":"if","locations":[{"start":{"line":408,"column":5},"end":{"line":408,"column":5}},{"start":{"line":408,"column":5},"end":{"line":408,"column":5}}]},"29":{"line":412,"type":"if","locations":[{"start":{"line":412,"column":5},"end":{"line":412,"column":5}},{"start":{"line":412,"column":5},"end":{"line":412,"column":5}}]},"30":{"line":416,"type":"if","locations":[{"start":{"line":416,"column":5},"end":{"line":416,"column":5}},{"start":{"line":416,"column":5},"end":{"line":416,"column":5}}]},"31":{"line":416,"type":"b
[...]
ularMoment","\t\t *","\t\t * @restrict A","\t\t */","\t\t\t.directive('amTimeAgo', ['$window', 'moment', 'amMoment', 'amTimeAgoConfig', function ($window, moment, amMoment, amTimeAgoConfig) {","","\t\t\t\treturn function (scope, element, attr) {","\t\t\t\t\tvar activeTimeout = null;","\t\t\t\t\tvar currentValue;","\t\t\t\t\tvar withoutSuffix = amTimeAgoConfig.withoutSuffix;","\t\t\t\t\tvar titleFormat = amTimeAgoConfig.titleFormat;","\t\t\t\t\tvar fullDateThreshold = amTimeAgoConfig.fullDateThreshold;","\t\t\t\t\tvar fullDateFormat = amTimeAgoConfig.fullDateFormat;","\t\t\t\t\tvar fullDateThresholdUnit = amTimeAgoConfig.fullDateThresholdUnit;","","\t\t\t\t\tvar localDate = new Date().getTime();","\t\t\t\t\tvar modelName = attr.amTimeAgo;","\t\t\t\t\tvar currentFrom;","\t\t\t\t\tvar isTimeElement = ('TIME' === element[0].nodeName.toUpperCase());","\t\t\t\t\tvar setTitleTime = !element.attr('title');","","\t\t\t\t\tfunction getNow() {","\t\t\t\t\t\tvar now;","\t\t\t\t\t\tif (currentFrom) {","\t\t\t\t\t\t\tnow = currentFrom;","\t\t\t\t\t\t} else if (amTimeAgoConfig.serverTime) {","\t\t\t\t\t\t\tvar localNow = new Date().getTime();","\t\t\t\t\t\t\tvar nowMillis = localNow - localDate + amTimeAgoConfig.serverTime;","\t\t\t\t\t\t\tnow = moment(nowMillis);","\t\t\t\t\t\t}","\t\t\t\t\t\telse {","\t\t\t\t\t\t\tnow = moment();","\t\t\t\t\t\t}","\t\t\t\t\t\treturn now;","\t\t\t\t\t}","","\t\t\t\t\tfunction cancelTimer() {","\t\t\t\t\t\tif (activeTimeout) {","\t\t\t\t\t\t\t$window.clearTimeout(activeTimeout);","\t\t\t\t\t\t\tactiveTimeout = null;","\t\t\t\t\t\t}","\t\t\t\t\t}","","\t\t\t\t\tfunction updateTime(momentInstance) {","\t\t\t\t\t\tvar timeAgo = getNow().diff(momentInstance, fullDateThresholdUnit);","\t\t\t\t\t\tvar showFullDate = fullDateThreshold && timeAgo >= fullDateThreshold;","","\t\t\t\t\t\tif (showFullDate) {","\t\t\t\t\t\t\telement.text(momentInstance.format(fullDateFormat));","\t\t\t\t\t\t} else {","\t\t\t\t\t\t\telement.text(momentInstance.from(getNow(), withoutSuffix));","\t\t\t\t\t\t}","","\t\t\t\t\t\tif (titleFormat && setTitleTime) {","\t\t\t\t\t\t\telement.attr('title', momentInstance.format(titleFormat));","\t\t\t\t\t\t}","","\t\t\t\t\t\tif (!showFullDate) {","\t\t\t\t\t\t\tvar howOld = Math.abs(getNow().diff(momentInstance, 'minute'));","\t\t\t\t\t\t\tvar secondsUntilUpdate = 3600;","\t\t\t\t\t\t\tif (howOld < 1) {","\t\t\t\t\t\t\t\tsecondsUntilUpdate = 1;","\t\t\t\t\t\t\t} else if (howOld < 60) {","\t\t\t\t\t\t\t\tsecondsUntilUpdate = 30;","\t\t\t\t\t\t\t} else if (howOld < 180) {","\t\t\t\t\t\t\t\tsecondsUntilUpdate = 300;","\t\t\t\t\t\t\t}","","\t\t\t\t\t\t\tactiveTimeout = $window.setTimeout(function () {","\t\t\t\t\t\t\t\tupdateTime(momentInstance);","\t\t\t\t\t\t\t}, secondsUntilUpdate * 1000);","\t\t\t\t\t\t}","\t\t\t\t\t}","","\t\t\t\t\tfunction updateDateTimeAttr(value) {","\t\t\t\t\t\tif (isTimeElement) {","\t\t\t\t\t\t\telement.attr('datetime', value);","\t\t\t\t\t\t}","\t\t\t\t\t}","","\t\t\t\t\tfunction updateMoment() {","\t\t\t\t\t\tcancelTimer();","\t\t\t\t\t\tif (currentValue) {","\t\t\t\t\t\t\tvar momentValue = amMoment.preprocessDate(currentValue);","\t\t\t\t\t\t\tupdateTime(momentValue);","\t\t\t\t\t\t\tupdateDateTimeAttr(momentValue.toISOString());","\t\t\t\t\t\t}","\t\t\t\t\t}","","\t\t\t\t\tscope.$watch(modelName, function (value) {","\t\t\t\t\t\tif (isUndefinedOrNull(value) || (value === '')) {","\t\t\t\t\t\t\tcancelTimer();","\t\t\t\t\t\t\tif (currentValue) {","\t\t\t\t\t\t\t\telement.text('');","\t\t\t\t\t\t\t\tupdateDateTimeAttr('');","\t\t\t\t\t\t\t\tcurrentValue = null;","\t\t\t\t\t\t\t}","\t\t\t\t\t\t\treturn;","\t\t\t\t\t\t}","","\t\t\t\t\t\tcurrentValue = value;","\t\t\t\t\t\tupdateMoment();","\t\t\t\t\t});","","\t\t\t\t\tif (angular.isDefined(attr.amFrom)) {","\t\t\t\t\t\tscope.$watch(attr.amFrom, function (value) {","\t\t\t\t\t\t\tif (isUndefinedOrNull(value) || (value === '')) {","\t\t\t\t\t\t\t\tcurrentFrom = null;","\t\t\t\t\t\t\t} else {","\t\t\t\t\t\t\t\tcurrentFrom = moment(value);","\t\t\t\t\t\t\t}","\t\t\t\t\t\t\tupdateMoment();","\t\t\t\t\t\t});","\t\t\t\t\t}","","\t\t\t\t\tif (angular.isDefined(attr.amWithoutSuffix)) {","\t\t\t\t\t\tscope.$watch(attr.amWithoutSuffix, function (value) {","\t\t\t\t\t\t\tif (typeof value === 'boolean') {","\t\t\t\t\t\t\t\twithoutSuffix = value;","\t\t\t\t\t\t\t\tupdateMoment();","\t\t\t\t\t\t\t} else {","\t\t\t\t\t\t\t\twithoutSuffix = amTimeAgoConfig.withoutSuffix;","\t\t\t\t\t\t\t}","\t\t\t\t\t\t});","\t\t\t\t\t}","","\t\t\t\t\tattr.$observe('amFullDateThreshold', function (newValue) {","\t\t\t\t\t\tfullDateThreshold = newValue;","\t\t\t\t\t\tupdateMoment();","\t\t\t\t\t});","","\t\t\t\t\tattr.$observe('amFullDateFormat', function (newValue) {","\t\t\t\t\t\tfullDateFormat = newValue;","\t\t\t\t\t\tupdateMoment();","\t\t\t\t\t});","","\t\t\t\t\tattr.$observe('amFullDateThresholdUnit', function (newValue) {","\t\t\t\t\t\tfullDateThresholdUnit = newValue;","\t\t\t\t\t\tupdateMoment();","\t\t\t\t\t});","","\t\t\t\t\tscope.$on('$destroy', function () {","\t\t\t\t\t\tcancelTimer();","\t\t\t\t\t});","","\t\t\t\t\tscope.$on('amMoment:localeChanged', function () {","\t\t\t\t\t\tupdateMoment();","\t\t\t\t\t});","\t\t\t\t};","\t\t\t}])","","\t\t/**","\t\t * @ngdoc service","\t\t * @name angularMoment.service.amMoment","\t\t * @module angularMoment","\t\t */","\t\t\t.service('amMoment', ['moment', '$rootScope', '$log', 'angularMomentConfig', function (moment, $rootScope, $log, angularMomentConfig) {","\t\t\t\tvar defaultTimezone = null;","","\t\t\t\t/**","\t\t\t\t * @ngdoc function","\t\t\t\t * @name angularMoment.service.amMoment#changeLocale","\t\t\t\t * @methodOf angularMoment.service.amMoment","\t\t\t\t *","\t\t\t\t * @description","\t\t\t\t * Changes the locale for moment.js and updates all the am-time-ago directive instances","\t\t\t\t * with the new locale. Also broadcasts an `amMoment:localeChanged` event on $rootScope.","\t\t\t\t *","\t\t\t\t * @param {string} locale Locale code (e.g. en, es, ru, pt-br, etc.)","\t\t\t\t * @param {object} customization object of locale strings to override","\t\t\t\t */","\t\t\t\tthis.changeLocale = function (locale, customization) {","\t\t\t\t\tvar result = moment.locale(locale, customization);","\t\t\t\t\tif (angular.isDefined(locale)) {","\t\t\t\t\t\t$rootScope.$broadcast('amMoment:localeChanged');","","\t\t\t\t\t}","\t\t\t\t\treturn result;","\t\t\t\t};","","\t\t\t\t/**","\t\t\t\t * @ngdoc function","\t\t\t\t * @name angularMoment.service.amMoment#changeTimezone","\t\t\t\t * @methodOf angularMoment.service.amMoment","\t\t\t\t *","\t\t\t\t * @description","\t\t\t\t * Changes the default timezone for amCalendar, amDateFormat and amTimeAgo. Also broadcasts an","\t\t\t\t * `amMoment:timezoneChanged` event on $rootScope.","\t\t\t\t *","\t\t\t\t * Note: this method works only if moment-timezone > 0.3.0 is loaded","\t\t\t\t *","\t\t\t\t * @param {string} timezone Timezone name (e.g. UTC)","\t\t\t\t */","\t\t\t\tthis.changeTimezone = function (timezone) {","\t\t\t\t\tif (moment.tz && moment.tz.setDefault) {","\t\t\t\t\t\tmoment.tz.setDefault(timezone);","\t\t\t\t\t\t$rootScope.$broadcast('amMoment:timezoneChanged');","\t\t\t\t\t} else {","\t\t\t\t\t\t$log.warn('angular-moment: changeTimezone() works only with moment-timezone.js v0.3.0 or greater.');","\t\t\t\t\t}","\t\t\t\t\tangularMomentConfig.timezone = timezone;","\t\t\t\t\tdefaultTimezone = timezone;","\t\t\t\t};","","\t\t\t\t/**","\t\t\t\t * @ngdoc function","\t\t\t\t * @name angularMoment.service.amMoment#preprocessDate","\t\t\t\t * @methodOf angularMoment.service.amMoment","\t\t\t\t *","\t\t\t\t * @description","\t\t\t\t * Preprocess a given value and convert it into a Moment instance appropriate for use in the","\t\t\t\t * am-time-ago directive and the filters. The behavior of this function can be overriden by","\t\t\t\t * setting `angularMomentConfig.preprocess`.","\t\t\t\t *","\t\t\t\t * @param {*} value The value to be preprocessed","\t\t\t\t * @return {Moment} A `moment` object","\t\t\t\t */","\t\t\t\tthis.preprocessDate = function (value) {","\t\t\t\t\t// Configure the default timezone if needed","\t\t\t\t\tif (defaultTimezone !== angularMomentConfig.timezone) {","\t\t\t\t\t\tthis.changeTimezone(angularMomentConfig.timezone);","\t\t\t\t\t}","","\t\t\t\t\tif (angularMomentConfig.preprocess) {","\t\t\t\t\t\treturn angularMomentConfig.preprocess(value);","\t\t\t\t\t}","","\t\t\t\t\tif (!isNaN(parseFloat(value)) && isFinite(value)) {","\t\t\t\t\t\t// Milliseconds since the epoch","\t\t\t\t\t\treturn moment(parseInt(value, 10));","\t\t\t\t\t}","","\t\t\t\t\t// else just returns the value as-is.","\t\t\t\t\treturn moment(value);","\t\t\t\t};","\t\t\t}])","","\t\t/**","\t\t * @ngdoc filter","\t\t * @name angularMoment.filter:amParse","\t\t * @module angularMoment","\t\t */","\t\t\t.filter('amParse', ['moment', function (moment) {","\t\t\t\treturn function (value, format) {","\t\t\t\t\treturn moment(value, format);","\t\t\t\t};","\t\t\t}])","","\t\t/**","\t\t * @ngdoc filter","\t\t * @name angularMoment.filter:amFromUnix","\t\t * @module angularMoment","\t\t */","\t\t\t.filter('amFromUnix', ['moment', function (moment) {","\t\t\t\treturn function (value) {","\t\t\t\t\treturn moment.unix(value);","\t\t\t\t};","\t\t\t}])","","\t\t/**","\t\t * @ngdoc filter","\t\t * @name angularMoment.filter:amUtc","\t\t * @module angularMoment","\t\t */","\t\t\t.filter('amUtc', ['moment', function (moment) {","\t\t\t\treturn function (value) {","\t\t\t\t\treturn moment.utc(value);","\t\t\t\t};","\t\t\t}])","","\t\t/**","\t\t * @ngdoc filter","\t\t * @name angularMoment.filter:amUtcOffset","\t\t * @module angularMoment","\t\t *","\t\t * @description","\t\t * Adds a UTC offset to the given timezone object. The offset can be a number of minutes, or a string such as","\t\t * '+0300', '-0300' or 'Z'.","\t\t */","\t\t\t.filter('amUtcOffset', ['amMoment', function (amMoment) {","\t\t\t\tfunction amUtcOffset(value, offset) {","\t\t\t\t\treturn amMoment.preprocessDate(value).utcOffset(offset);","\t\t\t\t}","","\t\t\t\treturn amUtcOffset;","\t\t\t}])","","\t\t/**","\t\t * @ngdoc filter","\t\t * @name angularMoment.filter:amLocal","\t\t * @module angularMoment","\t\t */","\t\t\t.filter('amLocal', ['moment', function (moment) {","\t\t\t\treturn function (value) {","\t\t\t\t\treturn moment.isMoment(value) ? value.local() : null;","\t\t\t\t};","\t\t\t}])","","\t\t/**","\t\t * @ngdoc filter","\t\t * @name angularMoment.filter:amTimezone","\t\t * @module angularMoment","\t\t *","\t\t * @description","\t\t * Apply a timezone onto a given moment object, e.g. 'America/Phoenix').","\t\t *","\t\t * You need to include moment-timezone.js for timezone support.","\t\t */","\t\t\t.filter('amTimezone', ['amMoment', 'angularMomentConfig', '$log', function (amMoment, angularMomentConfig, $log) {","\t\t\t\tfunction amTimezone(value, timezone) {","\t\t\t\t\tvar aMoment = amMoment.preprocessDate(value);","","\t\t\t\t\tif (!timezone) {","\t\t\t\t\t\treturn aMoment;","\t\t\t\t\t}","","\t\t\t\t\tif (aMoment.tz) {","\t\t\t\t\t\treturn aMoment.tz(timezone);","\t\t\t\t\t} else {","\t\t\t\t\t\t$log.warn('angular-moment: named timezone specified but moment.tz() is undefined. Did you forget to include moment-timezone.js ?');","\t\t\t\t\t\treturn aMoment;","\t\t\t\t\t}","\t\t\t\t}","","\t\t\t\treturn amTimezone;","\t\t\t}])","","\t\t/**","\t\t * @ngdoc filter","\t\t * @name angularMoment.filter:amCalendar","\t\t * @module angularMoment","\t\t */","\t\t\t.filter('amCalendar', ['moment', 'amMoment', 'angularMomentConfig', function (moment, amMoment, angularMomentConfig) {","\t\t\t\tfunction amCalendarFilter(value, referenceTime, formats) {","\t\t\t\t\tif (isUndefinedOrNull(value)) {","\t\t\t\t\t\treturn '';","\t\t\t\t\t}","","\t\t\t\t\tvar date = amMoment.preprocessDate(value);","\t\t\t\t\treturn date.isValid() ? date.calendar(referenceTime, formats) : '';","\t\t\t\t}","","\t\t\t\t// Since AngularJS 1.3, filters have to explicitly define being stateful","\t\t\t\t// (this is no longer the default).","\t\t\t\tamCalendarFilter.$stateful = angularMomentConfig.statefulFilters;","","\t\t\t\treturn amCalendarFilter;","\t\t\t}])","","\t\t/**","\t\t * @ngdoc filter","\t\t * @name angularMoment.filter:amDifference","\t\t * @module angularMoment","\t\t */","\t\t\t.filter('amDifference', ['moment', 'amMoment', 'angularMomentConfig', function (moment, amMoment, angularMomentConfig) {","\t\t\t\tfunction amDifferenceFilter(value, otherValue, unit, usePrecision) {","\t\t\t\t\tif (isUndefinedOrNull(value)) {","\t\t\t\t\t\treturn '';","\t\t\t\t\t}","","\t\t\t\t\tvar date = amMoment.preprocessDate(value);","\t\t\t\t\tvar date2 = !isUndefinedOrNull(otherValue) ? amMoment.preprocessDate(otherValue) : moment();","","\t\t\t\t\tif (!date.isValid() || !date2.isValid()) {","\t\t\t\t\t\treturn '';","\t\t\t\t\t}","","\t\t\t\t\treturn date.diff(date2, unit, usePrecision);","\t\t\t\t}","","\t\t\t\tamDifferenceFilter.$stateful = angularMomentConfig.statefulFilters;","","\t\t\t\treturn amDifferenceFilter;","\t\t\t}])","","\t\t/**","\t\t * @ngdoc filter","\t\t * @name angularMoment.filter:amDateFormat","\t\t * @module angularMoment","\t\t * @function","\t\t */","\t\t\t.filter('amDateFormat', ['moment', 'amMoment', 'angularMomentConfig', function (moment, amMoment, angularMomentConfig) {","\t\t\t\tfunction amDateFormatFilter(value, format) {","\t\t\t\t\tif (isUndefinedOrNull(value)) {","\t\t\t\t\t\treturn '';","\t\t\t\t\t}","","\t\t\t\t\tvar date = amMoment.preprocessDate(value);","\t\t\t\t\tif (!date.isValid()) {","\t\t\t\t\t\treturn '';","\t\t\t\t\t}","","\t\t\t\t\treturn date.format(format);","\t\t\t\t}","","\t\t\t\tamDateFormatFilter.$stateful = angularMomentConfig.statefulFilters;","","\t\t\t\treturn amDateFormatFilter;","\t\t\t}])","","\t\t/**","\t\t * @ngdoc filter","\t\t * @name angularMoment.filter:amDurationFormat","\t\t * @module angularMoment","\t\t * @function","\t\t */","\t\t\t.filter('amDurationFormat', ['moment', 'angularMomentConfig', function (moment, angularMomentConfig) {","\t\t\t\tfunction amDurationFormatFilter(value, format, suffix) {","\t\t\t\t\tif (isUndefinedOrNull(value)) {","\t\t\t\t\t\treturn '';","\t\t\t\t\t}","","\t\t\t\t\treturn moment.duration(value, format).humanize(suffix);","\t\t\t\t}","","\t\t\t\tamDurationFormatFilter.$stateful = angularMomentConfig.statefulFilters;","","\t\t\t\treturn amDurationFormatFilter;","\t\t\t}])","","\t\t/**","\t\t * @ngdoc filter","\t\t * @name angularMoment.filter:amTimeAgo","\t\t * @module angularMoment","\t\t * @function","\t\t */","\t\t\t.filter('amTimeAgo', ['moment', 'amMoment', 'angularMomentConfig', function (moment, amMoment, angularMomentConfig) {","\t\t\t\tfunction amTimeAgoFilter(value, suffix, from) {","\t\t\t\t\tvar date, dateFrom;","","\t\t\t\t\tif (isUndefinedOrNull(value)) {","\t\t\t\t\t\treturn '';","\t\t\t\t\t}","","\t\t\t\t\tvalue = amMoment.preprocessDate(value);","\t\t\t\t\tdate = moment(value);","\t\t\t\t\tif (!date.isValid()) {","\t\t\t\t\t\treturn '';","\t\t\t\t\t}","","\t\t\t\t\tdateFrom = moment(from);","\t\t\t\t\tif (!isUndefinedOrNull(from) && dateFrom.isValid()) {","\t\t\t\t\t\treturn date.from(dateFrom, suffix);","\t\t\t\t\t}","","\t\t\t\t\treturn date.fromNow(suffix);","\t\t\t\t}","","\t\t\t\tamTimeAgoFilter.$stateful = angularMomentConfig.statefulFilters;","","\t\t\t\treturn amTimeAgoFilter;","\t\t\t}])","","\t\t/**","\t\t * @ngdoc filter","\t\t * @name angularMoment.filter:amSubtract","\t\t * @module angularMoment","\t\t * @function","\t\t */","\t\t\t.filter('amSubtract', ['moment', 'angularMomentConfig', function (moment, angularMomentConfig) {","\t\t\t\tfunction amSubtractFilter(value, amount, type) {","","\t\t\t\t\tif (isUndefinedOrNull(value)) {","\t\t\t\t\t\treturn '';","\t\t\t\t\t}","","\t\t\t\t\treturn moment(value).subtract(parseInt(amount, 10), type);","\t\t\t\t}","","\t\t\t\tamSubtractFilter.$stateful = angularMomentConfig.statefulFilters;","","\t\t\t\treturn amSubtractFilter;","\t\t\t}])","","\t\t/**","\t\t * @ngdoc filter","\t\t * @name angularMoment.filter:amAdd","\t\t * @module angularMoment","\t\t * @function","\t\t */","\t\t\t.filter('amAdd', ['moment', 'angularMomentConfig', function (moment, angularMomentConfig) {","\t\t\t\tfunction amAddFilter(value, amount, type) {","","\t\t\t\t\tif (isUndefinedOrNull(value)) {","\t\t\t\t\t\treturn '';","\t\t\t\t\t}","","\t\t\t\t\treturn moment(value).add(parseInt(amount, 10), type);","\t\t\t\t}","","\t\t\t\tamAddFilter.$stateful = angularMomentConfig.statefulFilters;","","\t\t\t\treturn amAddFilter;","\t\t\t}])","","\t\t/**","\t\t * @ngdoc filter","\t\t * @name angularMoment.filter:amStartOf","\t\t * @module angularMoment","\t\t * @function","\t\t */","\t\t\t.filter('amStartOf', ['moment', 'angularMomentConfig', function (moment, angularMomentConfig) {","\t\t\t\tfunction amStartOfFilter(value, type) {","","\t\t\t\t\tif (isUndefinedOrNull(value)) {","\t\t\t\t\t\treturn '';","\t\t\t\t\t}","","\t\t\t\t\treturn moment(value).startOf(type);","\t\t\t\t}","","\t\t\t\tamStartOfFilter.$stateful = angularMomentConfig.statefulFilters;","","\t\t\t\treturn amStartOfFilter;","\t\t\t}])","","\t\t/**","\t\t * @ngdoc filter","\t\t * @name angularMoment.filter:amEndOf","\t\t * @module angularMoment","\t\t * @function","\t\t */","\t\t\t.filter('amEndOf', ['moment', 'angularMomentConfig', function (moment, angularMomentConfig) {","\t\t\t\tfunction amEndOfFilter(value, type) {","","\t\t\t\t\tif (isUndefinedOrNull(value)) {","\t\t\t\t\t\treturn '';","\t\t\t\t\t}","","\t\t\t\t\treturn moment(value).endOf(type);","\t\t\t\t}","","\t\t\t\tamEndOfFilter.$stateful = angularMomentConfig.statefulFilters;","","\t\t\t\treturn amEndOfFilter;"," \t\t\t}]);","","\t\treturn 'angularMoment';","\t}","","\tvar isElectron = window && window.process && window.process.type;","\tif (typeof define === 'function' && define.amd) {","\t\tdefine(['angular', 'moment'], angularMoment);","\t} else if (typeof module !== 'undefined' && module && module.exports && (typeof require === 'function') && !isElectron) {","\t\tmodule.exports = angularMoment(require('angular'), require('moment'));","\t} else {","\t\tangularMoment(angular, (typeof global !== 'undefined' ? global : window).moment);","\t}","})();",""],"l":{"3":2,"6":2,"9":1,"10":0,"13":1,"14":0,"15":0,"17":0,"21":1,"23":0,"24":0,"25":0,"27":0,"38":0,"195":0,"196":0,"197":0,"198":0,"199":0,"200":0,"201":0,"202":0,"204":0,"205":0,"206":0,"207":0,"208":0,"210":1,"211":0,"212":0,"213":0,"214":0,"215":0,"216":0,"217":0,"220":0,"222":0,"225":1,"226":0,"227":0,"228":0,"232":1,"233":0,"234":0,"236":0,"237":0,"239":0,"242":0,"243":0,"246":0,"247":0,"248":0,"249":0,"250":0,"251":0,"252":0,"253":0,"254":0,"257":0,"258":0,"263":1,"264":0,"265":0,"269":1,"270":0,"271":0,"272":0,"273":0,"274":0,"278":0,"279":0,"280":0,"281":0,"282":0,"283":0,"284":0,"286":0,"289":0,"290":0,"293":0,"294":0,"295":0,"296":0,"298":0,"300":0,"304":0,"305":0,"306":0,"307":0,"308":0,"310":0,"315":0,"316":0,"317":0,"320":0,"321":0,"322":0,"325":0,"326":0,"327":0,"330":0,"331":0,"334":0,"335":0,"346":0,"360":0,"361":0,"362":0,"363":0,"366":0,"382":0,"383":0,"384":0,"385":0,"387":0,"389":0,"390":0,"406":0,"408":0,"409":0,"412":0,"413":0,"416":0,"418":0,"422":0,"432":0,"433":0,"443":0,"444":0,"454":0,"455":0,"469":1,"470":0,"473":0,"482":0,"483":0,"498":1,"499":0,"501":0,"502":0,"505":0,"506":0,"508":0,"509":0,"513":0,"522":1,"523":0,"524":0,"527":0,"528":0,"533":0,"535":0,"544":1,"545":0,"546":0,"549":0,"550":0,"552":0,"553":0,"556":0,"559":0,"561":0,"571":1,"572":0,"573":0,"576":0,"577":0,"578":0,"581":0,"584":0,"586":0,"596":1,"597":0,"598":0,"601":0,"604":0,"606":0,"616":1,"617":0,"619":0,"620":0,"623":0,"624":0,"625":0,"626":0,"629":0,"630":0,"631":0,"634":0,"637":0,"639":0,"649":1,"651":0,"652":0,"655":0,"658":0,"660":0,"670":1,"672":0,"673":0,"676":0,"679":0,"681":0,"691":1,"693":0,"694":0,"697":0,"700":0,"702":0,"712":1,"714":0,"715":0,"718":0,"721":0,"723":0,"726":0,"729":2,"730":0,"731":0,"732":0,"733":0,"735":0}}}